ðŸš€ å¯åŠ¨ OpenArt å¼€å‘æœåŠ¡å™¨...

ðŸ“¡ æ£€æŸ¥åŽç«¯æœåŠ¡...
ðŸŽ¨ å¯åŠ¨å‰ç«¯å¼€å‘æœåŠ¡å™¨ (ç«¯å£ 2027)...

âœ… å‰ç«¯æœåŠ¡å™¨å°†åœ¨ http://localhost:2027 å¯åŠ¨
ðŸ“š APIä»£ç†åˆ° http://localhost:3000

æŒ‰ Ctrl+C åœæ­¢æœåŠ¡å™¨


> openart-frontend@1.0.0 dev
> vite


  VITE v5.4.21  ready in 1625 ms

  âžœ  Local:   http://localhost:2027/
  âžœ  Network: use --host to expose
DEPRECATION WARNING [legacy-js-api]: The legacy JS API is deprecated and will be removed in Dart Sass 2.0.0.

More info: https://sass-lang.com/d/legacy-js-api

DEPRECATION WARNING [import]: Sass @import rules are deprecated and will be removed in Dart Sass 3.0.0.

More info and automated migrator: https://sass-lang.com/d/import

  â•·
1 â”‚ @import 'base';
  â”‚         ^^^^^^
  â•µ
    src/styles/main.scss 1:9  root stylesheet

DEPRECATION WARNING [import]: Sass @import rules are deprecated and will be removed in Dart Sass 3.0.0.

More info and automated migrator: https://sass-lang.com/d/import

  â•·
2 â”‚ @import 'layout';
  â”‚         ^^^^^^^^
  â•µ
    src/styles/main.scss 2:9  root stylesheet

DEPRECATION WARNING [import]: Sass @import rules are deprecated and will be removed in Dart Sass 3.0.0.

More info and automated migrator: https://sass-lang.com/d/import

  â•·
3 â”‚ @import 'components';
  â”‚         ^^^^^^^^^^^^
  â•µ
    src/styles/main.scss 3:9  root stylesheet

DEPRECATION WARNING [import]: Sass @import rules are deprecated and will be removed in Dart Sass 3.0.0.

More info and automated migrator: https://sass-lang.com/d/import

  â•·
1 â”‚ @import 'variables';
  â”‚         ^^^^^^^^^^^
  â•µ
    src/styles/_base.scss 1:9  @import
    src/styles/main.scss 1:9   root stylesheet

6:06:04 PM [vite] Pre-transform error: [sass] Undefined variable.
   â•·
20 â”‚   line-height: $line-height-normal;
   â”‚                ^^^^^^^^^^^^^^^^^^^
   â•µ
  src/styles/_base.scss 20:16  @import
  src/styles/main.scss 1:9     root stylesheet
DEPRECATION WARNING [legacy-js-api]: The legacy JS API is deprecated and will be removed in Dart Sass 2.0.0.

More info: https://sass-lang.com/d/legacy-js-api

DEPRECATION WARNING [import]: Sass @import rules are deprecated and will be removed in Dart Sass 3.0.0.

More info and automated migrator: https://sass-lang.com/d/import

  â•·
1 â”‚ @import 'base';
  â”‚         ^^^^^^
  â•µ
    src/styles/main.scss 1:9  root stylesheet

DEPRECATION WARNING [import]: Sass @import rules are deprecated and will be removed in Dart Sass 3.0.0.

More info and automated migrator: https://sass-lang.com/d/import

  â•·
2 â”‚ @import 'layout';
  â”‚         ^^^^^^^^
  â•µ
    src/styles/main.scss 2:9  root stylesheet

DEPRECATION WARNING [import]: Sass @import rules are deprecated and will be removed in Dart Sass 3.0.0.

More info and automated migrator: https://sass-lang.com/d/import

  â•·
3 â”‚ @import 'components';
  â”‚         ^^^^^^^^^^^^
  â•µ
    src/styles/main.scss 3:9  root stylesheet

DEPRECATION WARNING [import]: Sass @import rules are deprecated and will be removed in Dart Sass 3.0.0.

More info and automated migrator: https://sass-lang.com/d/import

  â•·
1 â”‚ @import 'variables';
  â”‚         ^^^^^^^^^^^
  â•µ
    src/styles/_base.scss 1:9  @import
    src/styles/main.scss 1:9   root stylesheet

6:06:05 PM [vite] Internal server error: [sass] Undefined variable.
   â•·
20 â”‚   line-height: $line-height-normal;
   â”‚                ^^^^^^^^^^^^^^^^^^^
   â•µ
  src/styles/_base.scss 20:16  @import
  src/styles/main.scss 1:9     root stylesheet
  Plugin: vite:css
  File: /Users/brucelieu/Desktop/openart/frontend/src/styles/_base.scss:20:16
  Error: Undefined variable.
     â•·
  20 â”‚   line-height: $line-height-normal;
     â”‚                ^^^^^^^^^^^^^^^^^^^
     â•µ
    src/styles/_base.scss 20:16  @import
    src/styles/main.scss 1:9     root stylesheet
      at Object.wrapException (/Users/brucelieu/Desktop/openart/frontend/node_modules/sass/sass.dart.js:2337:47)
      at /Users/brucelieu/Desktop/openart/frontend/node_modules/sass/sass.dart.js:90558:23
      at _wrapJsFunctionForAsync_closure.$protected (/Users/brucelieu/Desktop/openart/frontend/node_modules/sass/sass.dart.js:5005:15)
      at _wrapJsFunctionForAsync_closure.call$2 (/Users/brucelieu/Desktop/openart/frontend/node_modules/sass/sass.dart.js:38505:12)
      at Object._asyncStartSync (/Users/brucelieu/Desktop/openart/frontend/node_modules/sass/sass.dart.js:4969:20)
      at _EvaluateVisitor2.visitVariableExpression$body$_EvaluateVisitor0 (/Users/brucelieu/Desktop/openart/frontend/node_modules/sass/sass.dart.js:90564:16)
      at _EvaluateVisitor2.visitVariableExpression$1 (/Users/brucelieu/Desktop/openart/frontend/node_modules/sass/sass.dart.js:90538:19)
      at VariableExpression0.accept$1$1 (/Users/brucelieu/Desktop/openart/frontend/node_modules/sass/sass.dart.js:128243:22)
      at VariableExpression0.accept$1 (/Users/brucelieu/Desktop/openart/frontend/node_modules/sass/sass.dart.js:128246:19)
      at /Users/brucelieu/Desktop/openart/frontend/node_modules/sass/sass.dart.js:88619:41
      at _wrapJsFunctionForAsync_closure.$protected (/Users/brucelieu/Desktop/openart/frontend/node_modules/sass/sass.dart.js:5005:15)
      at _wrapJsFunctionForAsync_closure.call$2 (/Users/brucelieu/Desktop/openart/frontend/node_modules/sass/sass.dart.js:38505:12)
      at _awaitOnObject_closure.call$1 (/Users/brucelieu/Desktop/openart/frontend/node_modules/sass/sass.dart.js:38493:32)
      at Object._rootRunUnary (/Users/brucelieu/Desktop/openart/frontend/node_modules/sass/sass.dart.js:5423:18)
      at StaticClosure.<anonymous> (/Users/brucelieu/Desktop/openart/frontend/node_modules/sass/sass.dart.js:128564:16)
      at _CustomZone.runUnary$2$2 (/Users/brucelieu/Desktop/openart/frontend/node_modules/sass/sass.dart.js:39936:39)
      at _Future__propagateToListeners_handleValueCallback.call$0 (/Users/brucelieu/Desktop/openart/frontend/node_modules/sass/sass.dart.js:38994:51)
      at Object._Future__propagateToListeners (/Users/brucelieu/Desktop/openart/frontend/node_modules/sass/sass.dart.js:5215:93)
      at _Future._completeWithValue$1 (/Users/brucelieu/Desktop/openart/frontend/node_modules/sass/sass.dart.js:38857:9)
      at _AsyncAwaitCompleter.complete$1 (/Users/brucelieu/Desktop/openart/frontend/node_modules/sass/sass.dart.js:38480:14)
      at Object._asyncReturn (/Users/brucelieu/Desktop/openart/frontend/node_modules/sass/sass.dart.js:4977:17)
      at /Users/brucelieu/Desktop/openart/frontend/node_modules/sass/sass.dart.js:93059:24
      at _wrapJsFunctionForAsync_closure.$protected (/Users/brucelieu/Desktop/openart/frontend/node_modules/sass/sass.dart.js:5005:15)
      at _wrapJsFunctionForAsync_closure.call$2 (/Users/brucelieu/Desktop/openart/frontend/node_modules/sass/sass.dart.js:38505:12)
      at _awaitOnObject_closure.call$1 (/Users/brucelieu/Desktop/openart/frontend/node_modules/sass/sass.dart.js:38493:32)
      at Object._rootRunUnary (/Users/brucelieu/Desktop/openart/frontend/node_modules/sass/sass.dart.js:5423:18)
      at StaticClosure.<anonymous> (/Users/brucelieu/Desktop/openart/frontend/node_modules/sass/sass.dart.js:128564:16)
      at _CustomZone.runUnary$2$2 (/Users/brucelieu/Desktop/openart/frontend/node_modules/sass/sass.dart.js:39936:39)
      at _Future__propagateToListeners_handleValueCallback.call$0 (/Users/brucelieu/Desktop/openart/frontend/node_modules/sass/sass.dart.js:38994:51)
      at Object._Future__propagateToListeners (/Users/brucelieu/Desktop/openart/frontend/node_modules/sass/sass.dart.js:5215:93)
      at _Future._completeWithValue$1 (/Users/brucelieu/Desktop/openart/frontend/node_modules/sass/sass.dart.js:38857:9)
      at _AsyncAwaitCompleter.complete$1 (/Users/brucelieu/Desktop/openart/frontend/node_modules/sass/sass.dart.js:38480:14)
      at Object._asyncReturn (/Users/brucelieu/Desktop/openart/frontend/node_modules/sass/sass.dart.js:4977:17)
      at /Users/brucelieu/Desktop/openart/frontend/node_modules/sass/sass.dart.js:93091:24
      at _wrapJsFunctionForAsync_closure.$protected (/Users/brucelieu/Desktop/openart/frontend/node_modules/sass/sass.dart.js:5005:15)
      at _wrapJsFunctionForAsync_closure.call$2 (/Users/brucelieu/Desktop/openart/frontend/node_modules/sass/sass.dart.js:38505:12)
      at _awaitOnObject_closure.call$1 (/Users/brucelieu/Desktop/openart/frontend/node_modules/sass/sass.dart.js:38493:32)
      at Object._rootRunUnary (/Users/brucelieu/Desktop/openart/frontend/node_modules/sass/sass.dart.js:5423:18)
      at StaticClosure.<anonymous> (/Users/brucelieu/Desktop/openart/frontend/node_modules/sass/sass.dart.js:128564:16)
      at _CustomZone.runUnary$2$2 (/Users/brucelieu/Desktop/openart/frontend/node_modules/sass/sass.dart.js:39936:39)
      at _Future__propagateToListeners_handleValueCallback.call$0 (/Users/brucelieu/Desktop/openart/frontend/node_modules/sass/sass.dart.js:38994:51)
      at Object._Future__propagateToListeners (/Users/brucelieu/Desktop/openart/frontend/node_modules/sass/sass.dart.js:5215:93)
      at _Future._completeWithValue$1 (/Users/brucelieu/Desktop/openart/frontend/node_modules/sass/sass.dart.js:38857:9)
      at _Future__asyncCompleteWithValue_closure.call$0 (/Users/brucelieu/Desktop/openart/frontend/node_modules/sass/sass.dart.js:38922:18)
      at Object._rootRun (/Users/brucelieu/Desktop/openart/frontend/node_modules/sass/sass.dart.js:5413:16)
      at StaticClosure.<anonymous> (/Users/brucelieu/Desktop/openart/frontend/node_modules/sass/sass.dart.js:128560:16)
      at _CustomZone.run$1$1 (/Users/brucelieu/Desktop/openart/frontend/node_modules/sass/sass.dart.js:39931:39)
      at _CustomZone_bindCallback_closure.call$0 (/Users/brucelieu/Desktop/openart/frontend/node_modules/sass/sass.dart.js:40028:25)
      at Object._microtaskLoop (/Users/brucelieu/Desktop/openart/frontend/node_modules/sass/sass.dart.js:5273:24)
      at StaticClosure._startMicrotaskLoop (/Users/brucelieu/Desktop/openart/frontend/node_modules/sass/sass.dart.js:5279:11)
DEPRECATION WARNING [legacy-js-api]: The legacy JS API is deprecated and will be removed in Dart Sass 2.0.0.

More info: https://sass-lang.com/d/legacy-js-api

DEPRECATION WARNING [import]: Sass @import rules are deprecated and will be removed in Dart Sass 3.0.0.

More info and automated migrator: https://sass-lang.com/d/import

  â•·
1 â”‚ @import '../styles/variables';
  â”‚         ^^^^^^^^^^^^^^^^^^^^^
  â•µ
    src/pages/CollectionPage.scss 1:9  root stylesheet

DEPRECATION WARNING [legacy-js-api]: The legacy JS API is deprecated and will be removed in Dart Sass 2.0.0.

More info: https://sass-lang.com/d/legacy-js-api

DEPRECATION WARNING [import]: Sass @import rules are deprecated and will be removed in Dart Sass 3.0.0.

More info and automated migrator: https://sass-lang.com/d/import

  â•·
1 â”‚ @import '../styles/variables';
  â”‚         ^^^^^^^^^^^^^^^^^^^^^
  â•µ
    src/pages/ArtistPage.scss 1:9  root stylesheet

DEPRECATION WARNING [legacy-js-api]: The legacy JS API is deprecated and will be removed in Dart Sass 2.0.0.

More info: https://sass-lang.com/d/legacy-js-api

DEPRECATION WARNING [import]: Sass @import rules are deprecated and will be removed in Dart Sass 3.0.0.

More info and automated migrator: https://sass-lang.com/d/import

  â•·
1 â”‚ @import '../styles/variables';
  â”‚         ^^^^^^^^^^^^^^^^^^^^^
  â•µ
    src/pages/ArtworkDetailPage.scss 1:9  root stylesheet

DEPRECATION WARNING [global-builtin]: Global built-in functions are deprecated and will be removed in Dart Sass 3.0.0.
Use color.adjust instead.

More info and automated migrator: https://sass-lang.com/d/import

    â•·
153 â”‚       background: darken($nga-accent, 10%);
    â”‚                   ^^^^^^^^^^^^^^^^^^^^^^^^
    â•µ
    src/pages/CollectionPage.scss 153:19  root stylesheet

DEPRECATION WARNING [color-functions]: darken() is deprecated. Suggestions:

color.scale($color, $lightness: -50%)
color.adjust($color, $lightness: -10%)

More info: https://sass-lang.com/d/color-functions

    â•·
153 â”‚       background: darken($nga-accent, 10%);
    â”‚                   ^^^^^^^^^^^^^^^^^^^^^^^^
    â•µ
    src/pages/CollectionPage.scss 153:19  root stylesheet

DEPRECATION WARNING [global-builtin]: Global built-in functions are deprecated and will be removed in Dart Sass 3.0.0.
Use color.adjust instead.

More info and automated migrator: https://sass-lang.com/d/import

    â•·
199 â”‚       background: darken($nga-accent, 10%);
    â”‚                   ^^^^^^^^^^^^^^^^^^^^^^^^
    â•µ
    src/pages/ArtworkDetailPage.scss 199:19  root stylesheet

DEPRECATION WARNING [color-functions]: darken() is deprecated. Suggestions:

color.scale($color, $lightness: -50%)
color.adjust($color, $lightness: -10%)

More info: https://sass-lang.com/d/color-functions

    â•·
199 â”‚       background: darken($nga-accent, 10%);
    â”‚                   ^^^^^^^^^^^^^^^^^^^^^^^^
    â•µ
    src/pages/ArtworkDetailPage.scss 199:19  root stylesheet

DEPRECATION WARNING [global-builtin]: Global built-in functions are deprecated and will be removed in Dart Sass 3.0.0.
Use color.adjust instead.

More info and automated migrator: https://sass-lang.com/d/import

    â•·
219 â”‚       background: darken($nga-success, 10%);
    â”‚                   ^^^^^^^^^^^^^^^^^^^^^^^^^
    â•µ
    src/pages/ArtworkDetailPage.scss 219:19  root stylesheet

DEPRECATION WARNING [color-functions]: darken() is deprecated. Suggestions:

color.scale($color, $lightness: -25.7575757576%)
color.adjust($color, $lightness: -10%)

More info: https://sass-lang.com/d/color-functions

    â•·
219 â”‚       background: darken($nga-success, 10%);
    â”‚                   ^^^^^^^^^^^^^^^^^^^^^^^^^
    â•µ
    src/pages/ArtworkDetailPage.scss 219:19  root stylesheet

DEPRECATION WARNING [legacy-js-api]: The legacy JS API is deprecated and will be removed in Dart Sass 2.0.0.

More info: https://sass-lang.com/d/legacy-js-api

DEPRECATION WARNING [import]: Sass @import rules are deprecated and will be removed in Dart Sass 3.0.0.

More info and automated migrator: https://sass-lang.com/d/import

  â•·
1 â”‚ @import '../styles/variables';
  â”‚         ^^^^^^^^^^^^^^^^^^^^^
  â•µ
    src/pages/SearchPage.scss 1:9  root stylesheet

DEPRECATION WARNING [legacy-js-api]: The legacy JS API is deprecated and will be removed in Dart Sass 2.0.0.

More info: https://sass-lang.com/d/legacy-js-api

DEPRECATION WARNING [import]: Sass @import rules are deprecated and will be removed in Dart Sass 3.0.0.

More info and automated migrator: https://sass-lang.com/d/import

  â•·
1 â”‚ @import '../styles/variables';
  â”‚         ^^^^^^^^^^^^^^^^^^^^^
  â•µ
    src/pages/HomePage.scss 1:9  root stylesheet

DEPRECATION WARNING [global-builtin]: Global built-in functions are deprecated and will be removed in Dart Sass 3.0.0.
Use color.adjust instead.

More info and automated migrator: https://sass-lang.com/d/import

   â•·
56 â”‚       background: darken($nga-accent, 10%);
   â”‚                   ^^^^^^^^^^^^^^^^^^^^^^^^
   â•µ
    src/pages/SearchPage.scss 56:19  root stylesheet

DEPRECATION WARNING [color-functions]: darken() is deprecated. Suggestions:

color.scale($color, $lightness: -50%)
color.adjust($color, $lightness: -10%)

More info: https://sass-lang.com/d/color-functions

   â•·
56 â”‚       background: darken($nga-accent, 10%);
   â”‚                   ^^^^^^^^^^^^^^^^^^^^^^^^
   â•µ
    src/pages/SearchPage.scss 56:19  root stylesheet

DEPRECATION WARNING [global-builtin]: Global built-in functions are deprecated and will be removed in Dart Sass 3.0.0.
Use color.adjust instead.

More info and automated migrator: https://sass-lang.com/d/import

    â•·
100 â”‚       background: darken($nga-accent, 10%);
    â”‚                   ^^^^^^^^^^^^^^^^^^^^^^^^
    â•µ
    src/pages/HomePage.scss 100:19  root stylesheet

DEPRECATION WARNING [color-functions]: darken() is deprecated. Suggestions:

color.scale($color, $lightness: -50%)
color.adjust($color, $lightness: -10%)

More info: https://sass-lang.com/d/color-functions

    â•·
100 â”‚       background: darken($nga-accent, 10%);
    â”‚                   ^^^^^^^^^^^^^^^^^^^^^^^^
    â•µ
    src/pages/HomePage.scss 100:19  root stylesheet

DEPRECATION WARNING [legacy-js-api]: The legacy JS API is deprecated and will be removed in Dart Sass 2.0.0.

More info: https://sass-lang.com/d/legacy-js-api

DEPRECATION WARNING [import]: Sass @import rules are deprecated and will be removed in Dart Sass 3.0.0.

More info and automated migrator: https://sass-lang.com/d/import

  â•·
1 â”‚ @import '../../styles/variables';
  â”‚         ^^^^^^^^^^^^^^^^^^^^^^^^
  â•µ
    src/components/artwork/ArtworkGrid.scss 1:9  root stylesheet

DEPRECATION WARNING [legacy-js-api]: The legacy JS API is deprecated and will be removed in Dart Sass 2.0.0.

More info: https://sass-lang.com/d/legacy-js-api

DEPRECATION WARNING [import]: Sass @import rules are deprecated and will be removed in Dart Sass 3.0.0.

More info and automated migrator: https://sass-lang.com/d/import

  â•·
1 â”‚ @import '../../styles/variables';
  â”‚         ^^^^^^^^^^^^^^^^^^^^^^^^
  â•µ
    src/components/artwork/ArtworkViewer.scss 1:9  root stylesheet

DEPRECATION WARNING [global-builtin]: Global built-in functions are deprecated and will be removed in Dart Sass 3.0.0.
Use color.adjust instead.

More info and automated migrator: https://sass-lang.com/d/import

   â•·
40 â”‚       darken($nga-background, 5%) 50%,
   â”‚       ^^^^^^^^^^^^^^^^^^^^^^^^^^^
   â•µ
    src/components/artwork/ArtworkGrid.scss 40:7  root stylesheet

DEPRECATION WARNING [color-functions]: darken() is deprecated. Suggestions:

color.scale($color, $lightness: -5.1%)
color.adjust($color, $lightness: -5%)

More info: https://sass-lang.com/d/color-functions

   â•·
40 â”‚       darken($nga-background, 5%) 50%,
   â”‚       ^^^^^^^^^^^^^^^^^^^^^^^^^^^
   â•µ
    src/components/artwork/ArtworkGrid.scss 40:7  root stylesheet

DEPRECATION WARNING [legacy-js-api]: The legacy JS API is deprecated and will be removed in Dart Sass 2.0.0.

More info: https://sass-lang.com/d/legacy-js-api

DEPRECATION WARNING [import]: Sass @import rules are deprecated and will be removed in Dart Sass 3.0.0.

More info and automated migrator: https://sass-lang.com/d/import

  â•·
1 â”‚ @import '../../styles/variables';
  â”‚         ^^^^^^^^^^^^^^^^^^^^^^^^
  â•µ
    src/components/layout/Header.scss 1:9  root stylesheet

DEPRECATION WARNING [global-builtin]: Global built-in functions are deprecated and will be removed in Dart Sass 3.0.0.
Use color.adjust instead.

More info and automated migrator: https://sass-lang.com/d/import

   â•·
91 â”‚       background: darken($nga-accent, 10%);
   â”‚                   ^^^^^^^^^^^^^^^^^^^^^^^^
   â•µ
    src/components/layout/Header.scss 91:19  root stylesheet

DEPRECATION WARNING [color-functions]: darken() is deprecated. Suggestions:

color.scale($color, $lightness: -50%)
color.adjust($color, $lightness: -10%)

More info: https://sass-lang.com/d/color-functions

   â•·
91 â”‚       background: darken($nga-accent, 10%);
   â”‚                   ^^^^^^^^^^^^^^^^^^^^^^^^
   â•µ
    src/components/layout/Header.scss 91:19  root stylesheet

DEPRECATION WARNING [legacy-js-api]: The legacy JS API is deprecated and will be removed in Dart Sass 2.0.0.

More info: https://sass-lang.com/d/legacy-js-api

DEPRECATION WARNING [import]: Sass @import rules are deprecated and will be removed in Dart Sass 3.0.0.

More info and automated migrator: https://sass-lang.com/d/import

  â•·
1 â”‚ @import '../../styles/variables';
  â”‚         ^^^^^^^^^^^^^^^^^^^^^^^^
  â•µ
    src/components/artwork/ArtworkCard.scss 1:9  root stylesheet

DEPRECATION WARNING [legacy-js-api]: The legacy JS API is deprecated and will be removed in Dart Sass 2.0.0.

More info: https://sass-lang.com/d/legacy-js-api

DEPRECATION WARNING [import]: Sass @import rules are deprecated and will be removed in Dart Sass 3.0.0.

More info and automated migrator: https://sass-lang.com/d/import

  â•·
1 â”‚ @import '../../styles/variables';
  â”‚         ^^^^^^^^^^^^^^^^^^^^^^^^
  â•µ
    src/components/layout/Footer.scss 1:9  root stylesheet

DEPRECATION WARNING [legacy-js-api]: The legacy JS API is deprecated and will be removed in Dart Sass 2.0.0.

More info: https://sass-lang.com/d/legacy-js-api

DEPRECATION WARNING [import]: Sass @import rules are deprecated and will be removed in Dart Sass 3.0.0.

More info and automated migrator: https://sass-lang.com/d/import

  â•·
1 â”‚ @import 'base';
  â”‚         ^^^^^^
  â•µ
    src/styles/main.scss 1:9  root stylesheet

DEPRECATION WARNING [import]: Sass @import rules are deprecated and will be removed in Dart Sass 3.0.0.

More info and automated migrator: https://sass-lang.com/d/import

  â•·
2 â”‚ @import 'layout';
  â”‚         ^^^^^^^^
  â•µ
    src/styles/main.scss 2:9  root stylesheet

DEPRECATION WARNING [import]: Sass @import rules are deprecated and will be removed in Dart Sass 3.0.0.

More info and automated migrator: https://sass-lang.com/d/import

  â•·
3 â”‚ @import 'components';
  â”‚         ^^^^^^^^^^^^
  â•µ
    src/styles/main.scss 3:9  root stylesheet

DEPRECATION WARNING [import]: Sass @import rules are deprecated and will be removed in Dart Sass 3.0.0.

More info and automated migrator: https://sass-lang.com/d/import

  â•·
1 â”‚ @import 'variables';
  â”‚         ^^^^^^^^^^^
  â•µ
    src/styles/_base.scss 1:9  @import
    src/styles/main.scss 1:9   root stylesheet

6:06:07 PM [vite] Internal server error: [sass] Undefined variable.
   â•·
20 â”‚   line-height: $line-height-normal;
   â”‚                ^^^^^^^^^^^^^^^^^^^
   â•µ
  src/styles/_base.scss 20:16  @import
  src/styles/main.scss 1:9     root stylesheet
  Plugin: vite:css
  File: /Users/brucelieu/Desktop/openart/frontend/src/styles/_base.scss:20:16
  Error: Undefined variable.
     â•·
  20 â”‚   line-height: $line-height-normal;
     â”‚                ^^^^^^^^^^^^^^^^^^^
     â•µ
    src/styles/_base.scss 20:16  @import
    src/styles/main.scss 1:9     root stylesheet
      at Object.wrapException (/Users/brucelieu/Desktop/openart/frontend/node_modules/sass/sass.dart.js:2337:47)
      at /Users/brucelieu/Desktop/openart/frontend/node_modules/sass/sass.dart.js:90558:23
      at _wrapJsFunctionForAsync_closure.$protected (/Users/brucelieu/Desktop/openart/frontend/node_modules/sass/sass.dart.js:5005:15)
      at _wrapJsFunctionForAsync_closure.call$2 (/Users/brucelieu/Desktop/openart/frontend/node_modules/sass/sass.dart.js:38505:12)
      at Object._asyncStartSync (/Users/brucelieu/Desktop/openart/frontend/node_modules/sass/sass.dart.js:4969:20)
      at _EvaluateVisitor2.visitVariableExpression$body$_EvaluateVisitor0 (/Users/brucelieu/Desktop/openart/frontend/node_modules/sass/sass.dart.js:90564:16)
      at _EvaluateVisitor2.visitVariableExpression$1 (/Users/brucelieu/Desktop/openart/frontend/node_modules/sass/sass.dart.js:90538:19)
      at VariableExpression0.accept$1$1 (/Users/brucelieu/Desktop/openart/frontend/node_modules/sass/sass.dart.js:128243:22)
      at VariableExpression0.accept$1 (/Users/brucelieu/Desktop/openart/frontend/node_modules/sass/sass.dart.js:128246:19)
      at /Users/brucelieu/Desktop/openart/frontend/node_modules/sass/sass.dart.js:88619:41
      at _wrapJsFunctionForAsync_closure.$protected (/Users/brucelieu/Desktop/openart/frontend/node_modules/sass/sass.dart.js:5005:15)
      at _wrapJsFunctionForAsync_closure.call$2 (/Users/brucelieu/Desktop/openart/frontend/node_modules/sass/sass.dart.js:38505:12)
      at _awaitOnObject_closure.call$1 (/Users/brucelieu/Desktop/openart/frontend/node_modules/sass/sass.dart.js:38493:32)
      at Object._rootRunUnary (/Users/brucelieu/Desktop/openart/frontend/node_modules/sass/sass.dart.js:5423:18)
      at StaticClosure.<anonymous> (/Users/brucelieu/Desktop/openart/frontend/node_modules/sass/sass.dart.js:128564:16)
      at _CustomZone.runUnary$2$2 (/Users/brucelieu/Desktop/openart/frontend/node_modules/sass/sass.dart.js:39936:39)
      at _Future__propagateToListeners_handleValueCallback.call$0 (/Users/brucelieu/Desktop/openart/frontend/node_modules/sass/sass.dart.js:38994:51)
      at Object._Future__propagateToListeners (/Users/brucelieu/Desktop/openart/frontend/node_modules/sass/sass.dart.js:5215:93)
      at _Future._completeWithValue$1 (/Users/brucelieu/Desktop/openart/frontend/node_modules/sass/sass.dart.js:38857:9)
      at _AsyncAwaitCompleter.complete$1 (/Users/brucelieu/Desktop/openart/frontend/node_modules/sass/sass.dart.js:38480:14)
      at Object._asyncReturn (/Users/brucelieu/Desktop/openart/frontend/node_modules/sass/sass.dart.js:4977:17)
      at /Users/brucelieu/Desktop/openart/frontend/node_modules/sass/sass.dart.js:93059:24
      at _wrapJsFunctionForAsync_closure.$protected (/Users/brucelieu/Desktop/openart/frontend/node_modules/sass/sass.dart.js:5005:15)
      at _wrapJsFunctionForAsync_closure.call$2 (/Users/brucelieu/Desktop/openart/frontend/node_modules/sass/sass.dart.js:38505:12)
      at _awaitOnObject_closure.call$1 (/Users/brucelieu/Desktop/openart/frontend/node_modules/sass/sass.dart.js:38493:32)
      at Object._rootRunUnary (/Users/brucelieu/Desktop/openart/frontend/node_modules/sass/sass.dart.js:5423:18)
      at StaticClosure.<anonymous> (/Users/brucelieu/Desktop/openart/frontend/node_modules/sass/sass.dart.js:128564:16)
      at _CustomZone.runUnary$2$2 (/Users/brucelieu/Desktop/openart/frontend/node_modules/sass/sass.dart.js:39936:39)
      at _Future__propagateToListeners_handleValueCallback.call$0 (/Users/brucelieu/Desktop/openart/frontend/node_modules/sass/sass.dart.js:38994:51)
      at Object._Future__propagateToListeners (/Users/brucelieu/Desktop/openart/frontend/node_modules/sass/sass.dart.js:5215:93)
      at _Future._completeWithValue$1 (/Users/brucelieu/Desktop/openart/frontend/node_modules/sass/sass.dart.js:38857:9)
      at _AsyncAwaitCompleter.complete$1 (/Users/brucelieu/Desktop/openart/frontend/node_modules/sass/sass.dart.js:38480:14)
      at Object._asyncReturn (/Users/brucelieu/Desktop/openart/frontend/node_modules/sass/sass.dart.js:4977:17)
      at /Users/brucelieu/Desktop/openart/frontend/node_modules/sass/sass.dart.js:93091:24
      at _wrapJsFunctionForAsync_closure.$protected (/Users/brucelieu/Desktop/openart/frontend/node_modules/sass/sass.dart.js:5005:15)
      at _wrapJsFunctionForAsync_closure.call$2 (/Users/brucelieu/Desktop/openart/frontend/node_modules/sass/sass.dart.js:38505:12)
      at _awaitOnObject_closure.call$1 (/Users/brucelieu/Desktop/openart/frontend/node_modules/sass/sass.dart.js:38493:32)
      at Object._rootRunUnary (/Users/brucelieu/Desktop/openart/frontend/node_modules/sass/sass.dart.js:5423:18)
      at StaticClosure.<anonymous> (/Users/brucelieu/Desktop/openart/frontend/node_modules/sass/sass.dart.js:128564:16)
      at _CustomZone.runUnary$2$2 (/Users/brucelieu/Desktop/openart/frontend/node_modules/sass/sass.dart.js:39936:39)
      at _Future__propagateToListeners_handleValueCallback.call$0 (/Users/brucelieu/Desktop/openart/frontend/node_modules/sass/sass.dart.js:38994:51)
      at Object._Future__propagateToListeners (/Users/brucelieu/Desktop/openart/frontend/node_modules/sass/sass.dart.js:5215:93)
      at _Future._completeWithValue$1 (/Users/brucelieu/Desktop/openart/frontend/node_modules/sass/sass.dart.js:38857:9)
      at _Future__asyncCompleteWithValue_closure.call$0 (/Users/brucelieu/Desktop/openart/frontend/node_modules/sass/sass.dart.js:38922:18)
      at Object._rootRun (/Users/brucelieu/Desktop/openart/frontend/node_modules/sass/sass.dart.js:5413:16)
      at StaticClosure.<anonymous> (/Users/brucelieu/Desktop/openart/frontend/node_modules/sass/sass.dart.js:128560:16)
      at _CustomZone.run$1$1 (/Users/brucelieu/Desktop/openart/frontend/node_modules/sass/sass.dart.js:39931:39)
      at _CustomZone_bindCallback_closure.call$0 (/Users/brucelieu/Desktop/openart/frontend/node_modules/sass/sass.dart.js:40028:25)
      at Object._microtaskLoop (/Users/brucelieu/Desktop/openart/frontend/node_modules/sass/sass.dart.js:5273:24)
      at StaticClosure._startMicrotaskLoop (/Users/brucelieu/Desktop/openart/frontend/node_modules/sass/sass.dart.js:5279:11)
DEPRECATION WARNING [legacy-js-api]: The legacy JS API is deprecated and will be removed in Dart Sass 2.0.0.

More info: https://sass-lang.com/d/legacy-js-api

DEPRECATION WARNING [import]: Sass @import rules are deprecated and will be removed in Dart Sass 3.0.0.

More info and automated migrator: https://sass-lang.com/d/import

  â•·
1 â”‚ @import 'base';
  â”‚         ^^^^^^
  â•µ
    src/styles/main.scss 1:9  root stylesheet

DEPRECATION WARNING [import]: Sass @import rules are deprecated and will be removed in Dart Sass 3.0.0.

More info and automated migrator: https://sass-lang.com/d/import

  â•·
2 â”‚ @import 'layout';
  â”‚         ^^^^^^^^
  â•µ
    src/styles/main.scss 2:9  root stylesheet

DEPRECATION WARNING [import]: Sass @import rules are deprecated and will be removed in Dart Sass 3.0.0.

More info and automated migrator: https://sass-lang.com/d/import

  â•·
3 â”‚ @import 'components';
  â”‚         ^^^^^^^^^^^^
  â•µ
    src/styles/main.scss 3:9  root stylesheet

DEPRECATION WARNING [import]: Sass @import rules are deprecated and will be removed in Dart Sass 3.0.0.

More info and automated migrator: https://sass-lang.com/d/import

  â•·
1 â”‚ @import 'variables';
  â”‚         ^^^^^^^^^^^
  â•µ
    src/styles/_base.scss 1:9  @import
    src/styles/main.scss 1:9   root stylesheet

6:06:09 PM [vite] Internal server error: [sass] Undefined variable.
   â•·
20 â”‚   line-height: $line-height-normal;
   â”‚                ^^^^^^^^^^^^^^^^^^^
   â•µ
  src/styles/_base.scss 20:16  @import
  src/styles/main.scss 1:9     root stylesheet
  Plugin: vite:css
  File: /Users/brucelieu/Desktop/openart/frontend/src/styles/_base.scss:20:16
  Error: Undefined variable.
     â•·
  20 â”‚   line-height: $line-height-normal;
     â”‚                ^^^^^^^^^^^^^^^^^^^
     â•µ
    src/styles/_base.scss 20:16  @import
    src/styles/main.scss 1:9     root stylesheet
      at Object.wrapException (/Users/brucelieu/Desktop/openart/frontend/node_modules/sass/sass.dart.js:2337:47)
      at /Users/brucelieu/Desktop/openart/frontend/node_modules/sass/sass.dart.js:90558:23
      at _wrapJsFunctionForAsync_closure.$protected (/Users/brucelieu/Desktop/openart/frontend/node_modules/sass/sass.dart.js:5005:15)
      at _wrapJsFunctionForAsync_closure.call$2 (/Users/brucelieu/Desktop/openart/frontend/node_modules/sass/sass.dart.js:38505:12)
      at Object._asyncStartSync (/Users/brucelieu/Desktop/openart/frontend/node_modules/sass/sass.dart.js:4969:20)
      at _EvaluateVisitor2.visitVariableExpression$body$_EvaluateVisitor0 (/Users/brucelieu/Desktop/openart/frontend/node_modules/sass/sass.dart.js:90564:16)
      at _EvaluateVisitor2.visitVariableExpression$1 (/Users/brucelieu/Desktop/openart/frontend/node_modules/sass/sass.dart.js:90538:19)
      at VariableExpression0.accept$1$1 (/Users/brucelieu/Desktop/openart/frontend/node_modules/sass/sass.dart.js:128243:22)
      at VariableExpression0.accept$1 (/Users/brucelieu/Desktop/openart/frontend/node_modules/sass/sass.dart.js:128246:19)
      at /Users/brucelieu/Desktop/openart/frontend/node_modules/sass/sass.dart.js:88619:41
      at _wrapJsFunctionForAsync_closure.$protected (/Users/brucelieu/Desktop/openart/frontend/node_modules/sass/sass.dart.js:5005:15)
      at _wrapJsFunctionForAsync_closure.call$2 (/Users/brucelieu/Desktop/openart/frontend/node_modules/sass/sass.dart.js:38505:12)
      at _awaitOnObject_closure.call$1 (/Users/brucelieu/Desktop/openart/frontend/node_modules/sass/sass.dart.js:38493:32)
      at Object._rootRunUnary (/Users/brucelieu/Desktop/openart/frontend/node_modules/sass/sass.dart.js:5423:18)
      at StaticClosure.<anonymous> (/Users/brucelieu/Desktop/openart/frontend/node_modules/sass/sass.dart.js:128564:16)
      at _CustomZone.runUnary$2$2 (/Users/brucelieu/Desktop/openart/frontend/node_modules/sass/sass.dart.js:39936:39)
      at _Future__propagateToListeners_handleValueCallback.call$0 (/Users/brucelieu/Desktop/openart/frontend/node_modules/sass/sass.dart.js:38994:51)
      at Object._Future__propagateToListeners (/Users/brucelieu/Desktop/openart/frontend/node_modules/sass/sass.dart.js:5215:93)
      at _Future._completeWithValue$1 (/Users/brucelieu/Desktop/openart/frontend/node_modules/sass/sass.dart.js:38857:9)
      at _AsyncAwaitCompleter.complete$1 (/Users/brucelieu/Desktop/openart/frontend/node_modules/sass/sass.dart.js:38480:14)
      at Object._asyncReturn (/Users/brucelieu/Desktop/openart/frontend/node_modules/sass/sass.dart.js:4977:17)
      at /Users/brucelieu/Desktop/openart/frontend/node_modules/sass/sass.dart.js:93059:24
      at _wrapJsFunctionForAsync_closure.$protected (/Users/brucelieu/Desktop/openart/frontend/node_modules/sass/sass.dart.js:5005:15)
      at _wrapJsFunctionForAsync_closure.call$2 (/Users/brucelieu/Desktop/openart/frontend/node_modules/sass/sass.dart.js:38505:12)
      at _awaitOnObject_closure.call$1 (/Users/brucelieu/Desktop/openart/frontend/node_modules/sass/sass.dart.js:38493:32)
      at Object._rootRunUnary (/Users/brucelieu/Desktop/openart/frontend/node_modules/sass/sass.dart.js:5423:18)
      at StaticClosure.<anonymous> (/Users/brucelieu/Desktop/openart/frontend/node_modules/sass/sass.dart.js:128564:16)
      at _CustomZone.runUnary$2$2 (/Users/brucelieu/Desktop/openart/frontend/node_modules/sass/sass.dart.js:39936:39)
      at _Future__propagateToListeners_handleValueCallback.call$0 (/Users/brucelieu/Desktop/openart/frontend/node_modules/sass/sass.dart.js:38994:51)
      at Object._Future__propagateToListeners (/Users/brucelieu/Desktop/openart/frontend/node_modules/sass/sass.dart.js:5215:93)
      at _Future._completeWithValue$1 (/Users/brucelieu/Desktop/openart/frontend/node_modules/sass/sass.dart.js:38857:9)
      at _AsyncAwaitCompleter.complete$1 (/Users/brucelieu/Desktop/openart/frontend/node_modules/sass/sass.dart.js:38480:14)
      at Object._asyncReturn (/Users/brucelieu/Desktop/openart/frontend/node_modules/sass/sass.dart.js:4977:17)
      at /Users/brucelieu/Desktop/openart/frontend/node_modules/sass/sass.dart.js:93091:24
      at _wrapJsFunctionForAsync_closure.$protected (/Users/brucelieu/Desktop/openart/frontend/node_modules/sass/sass.dart.js:5005:15)
      at _wrapJsFunctionForAsync_closure.call$2 (/Users/brucelieu/Desktop/openart/frontend/node_modules/sass/sass.dart.js:38505:12)
      at _awaitOnObject_closure.call$1 (/Users/brucelieu/Desktop/openart/frontend/node_modules/sass/sass.dart.js:38493:32)
      at Object._rootRunUnary (/Users/brucelieu/Desktop/openart/frontend/node_modules/sass/sass.dart.js:5423:18)
      at StaticClosure.<anonymous> (/Users/brucelieu/Desktop/openart/frontend/node_modules/sass/sass.dart.js:128564:16)
      at _CustomZone.runUnary$2$2 (/Users/brucelieu/Desktop/openart/frontend/node_modules/sass/sass.dart.js:39936:39)
      at _Future__propagateToListeners_handleValueCallback.call$0 (/Users/brucelieu/Desktop/openart/frontend/node_modules/sass/sass.dart.js:38994:51)
      at Object._Future__propagateToListeners (/Users/brucelieu/Desktop/openart/frontend/node_modules/sass/sass.dart.js:5215:93)
      at _Future._completeWithValue$1 (/Users/brucelieu/Desktop/openart/frontend/node_modules/sass/sass.dart.js:38857:9)
      at _Future__asyncCompleteWithValue_closure.call$0 (/Users/brucelieu/Desktop/openart/frontend/node_modules/sass/sass.dart.js:38922:18)
      at Object._rootRun (/Users/brucelieu/Desktop/openart/frontend/node_modules/sass/sass.dart.js:5413:16)
      at StaticClosure.<anonymous> (/Users/brucelieu/Desktop/openart/frontend/node_modules/sass/sass.dart.js:128560:16)
      at _CustomZone.run$1$1 (/Users/brucelieu/Desktop/openart/frontend/node_modules/sass/sass.dart.js:39931:39)
      at _CustomZone_bindCallback_closure.call$0 (/Users/brucelieu/Desktop/openart/frontend/node_modules/sass/sass.dart.js:40028:25)
      at Object._microtaskLoop (/Users/brucelieu/Desktop/openart/frontend/node_modules/sass/sass.dart.js:5273:24)
      at StaticClosure._startMicrotaskLoop (/Users/brucelieu/Desktop/openart/frontend/node_modules/sass/sass.dart.js:5279:11)
DEPRECATION WARNING [legacy-js-api]: The legacy JS API is deprecated and will be removed in Dart Sass 2.0.0.

More info: https://sass-lang.com/d/legacy-js-api

DEPRECATION WARNING [import]: Sass @import rules are deprecated and will be removed in Dart Sass 3.0.0.

More info and automated migrator: https://sass-lang.com/d/import

  â•·
1 â”‚ @import 'base';
  â”‚         ^^^^^^
  â•µ
    src/styles/main.scss 1:9  root stylesheet

DEPRECATION WARNING [import]: Sass @import rules are deprecated and will be removed in Dart Sass 3.0.0.

More info and automated migrator: https://sass-lang.com/d/import

  â•·
2 â”‚ @import 'layout';
  â”‚         ^^^^^^^^
  â•µ
    src/styles/main.scss 2:9  root stylesheet

DEPRECATION WARNING [import]: Sass @import rules are deprecated and will be removed in Dart Sass 3.0.0.

More info and automated migrator: https://sass-lang.com/d/import

  â•·
3 â”‚ @import 'components';
  â”‚         ^^^^^^^^^^^^
  â•µ
    src/styles/main.scss 3:9  root stylesheet

DEPRECATION WARNING [import]: Sass @import rules are deprecated and will be removed in Dart Sass 3.0.0.

More info and automated migrator: https://sass-lang.com/d/import

  â•·
1 â”‚ @import 'variables';
  â”‚         ^^^^^^^^^^^
  â•µ
    src/styles/_base.scss 1:9  @import
    src/styles/main.scss 1:9   root stylesheet

6:06:22 PM [vite] Internal server error: [sass] Undefined variable.
   â•·
20 â”‚   line-height: $line-height-normal;
   â”‚                ^^^^^^^^^^^^^^^^^^^
   â•µ
  src/styles/_base.scss 20:16  @import
  src/styles/main.scss 1:9     root stylesheet
  Plugin: vite:css
  File: /Users/brucelieu/Desktop/openart/frontend/src/styles/_base.scss:20:16
  Error: Undefined variable.
     â•·
  20 â”‚   line-height: $line-height-normal;
     â”‚                ^^^^^^^^^^^^^^^^^^^
     â•µ
    src/styles/_base.scss 20:16  @import
    src/styles/main.scss 1:9     root stylesheet
      at Object.wrapException (/Users/brucelieu/Desktop/openart/frontend/node_modules/sass/sass.dart.js:2337:47)
      at /Users/brucelieu/Desktop/openart/frontend/node_modules/sass/sass.dart.js:90558:23
      at _wrapJsFunctionForAsync_closure.$protected (/Users/brucelieu/Desktop/openart/frontend/node_modules/sass/sass.dart.js:5005:15)
      at _wrapJsFunctionForAsync_closure.call$2 (/Users/brucelieu/Desktop/openart/frontend/node_modules/sass/sass.dart.js:38505:12)
      at Object._asyncStartSync (/Users/brucelieu/Desktop/openart/frontend/node_modules/sass/sass.dart.js:4969:20)
      at _EvaluateVisitor2.visitVariableExpression$body$_EvaluateVisitor0 (/Users/brucelieu/Desktop/openart/frontend/node_modules/sass/sass.dart.js:90564:16)
      at _EvaluateVisitor2.visitVariableExpression$1 (/Users/brucelieu/Desktop/openart/frontend/node_modules/sass/sass.dart.js:90538:19)
      at VariableExpression0.accept$1$1 (/Users/brucelieu/Desktop/openart/frontend/node_modules/sass/sass.dart.js:128243:22)
      at VariableExpression0.accept$1 (/Users/brucelieu/Desktop/openart/frontend/node_modules/sass/sass.dart.js:128246:19)
      at /Users/brucelieu/Desktop/openart/frontend/node_modules/sass/sass.dart.js:88619:41
      at _wrapJsFunctionForAsync_closure.$protected (/Users/brucelieu/Desktop/openart/frontend/node_modules/sass/sass.dart.js:5005:15)
      at _wrapJsFunctionForAsync_closure.call$2 (/Users/brucelieu/Desktop/openart/frontend/node_modules/sass/sass.dart.js:38505:12)
      at _awaitOnObject_closure.call$1 (/Users/brucelieu/Desktop/openart/frontend/node_modules/sass/sass.dart.js:38493:32)
      at Object._rootRunUnary (/Users/brucelieu/Desktop/openart/frontend/node_modules/sass/sass.dart.js:5423:18)
      at StaticClosure.<anonymous> (/Users/brucelieu/Desktop/openart/frontend/node_modules/sass/sass.dart.js:128564:16)
      at _CustomZone.runUnary$2$2 (/Users/brucelieu/Desktop/openart/frontend/node_modules/sass/sass.dart.js:39936:39)
      at _Future__propagateToListeners_handleValueCallback.call$0 (/Users/brucelieu/Desktop/openart/frontend/node_modules/sass/sass.dart.js:38994:51)
      at Object._Future__propagateToListeners (/Users/brucelieu/Desktop/openart/frontend/node_modules/sass/sass.dart.js:5215:93)
      at _Future._completeWithValue$1 (/Users/brucelieu/Desktop/openart/frontend/node_modules/sass/sass.dart.js:38857:9)
      at _AsyncAwaitCompleter.complete$1 (/Users/brucelieu/Desktop/openart/frontend/node_modules/sass/sass.dart.js:38480:14)
      at Object._asyncReturn (/Users/brucelieu/Desktop/openart/frontend/node_modules/sass/sass.dart.js:4977:17)
      at /Users/brucelieu/Desktop/openart/frontend/node_modules/sass/sass.dart.js:93059:24
      at _wrapJsFunctionForAsync_closure.$protected (/Users/brucelieu/Desktop/openart/frontend/node_modules/sass/sass.dart.js:5005:15)
      at _wrapJsFunctionForAsync_closure.call$2 (/Users/brucelieu/Desktop/openart/frontend/node_modules/sass/sass.dart.js:38505:12)
      at _awaitOnObject_closure.call$1 (/Users/brucelieu/Desktop/openart/frontend/node_modules/sass/sass.dart.js:38493:32)
      at Object._rootRunUnary (/Users/brucelieu/Desktop/openart/frontend/node_modules/sass/sass.dart.js:5423:18)
      at StaticClosure.<anonymous> (/Users/brucelieu/Desktop/openart/frontend/node_modules/sass/sass.dart.js:128564:16)
      at _CustomZone.runUnary$2$2 (/Users/brucelieu/Desktop/openart/frontend/node_modules/sass/sass.dart.js:39936:39)
      at _Future__propagateToListeners_handleValueCallback.call$0 (/Users/brucelieu/Desktop/openart/frontend/node_modules/sass/sass.dart.js:38994:51)
      at Object._Future__propagateToListeners (/Users/brucelieu/Desktop/openart/frontend/node_modules/sass/sass.dart.js:5215:93)
      at _Future._completeWithValue$1 (/Users/brucelieu/Desktop/openart/frontend/node_modules/sass/sass.dart.js:38857:9)
      at _AsyncAwaitCompleter.complete$1 (/Users/brucelieu/Desktop/openart/frontend/node_modules/sass/sass.dart.js:38480:14)
      at Object._asyncReturn (/Users/brucelieu/Desktop/openart/frontend/node_modules/sass/sass.dart.js:4977:17)
      at /Users/brucelieu/Desktop/openart/frontend/node_modules/sass/sass.dart.js:93091:24
      at _wrapJsFunctionForAsync_closure.$protected (/Users/brucelieu/Desktop/openart/frontend/node_modules/sass/sass.dart.js:5005:15)
      at _wrapJsFunctionForAsync_closure.call$2 (/Users/brucelieu/Desktop/openart/frontend/node_modules/sass/sass.dart.js:38505:12)
      at _awaitOnObject_closure.call$1 (/Users/brucelieu/Desktop/openart/frontend/node_modules/sass/sass.dart.js:38493:32)
      at Object._rootRunUnary (/Users/brucelieu/Desktop/openart/frontend/node_modules/sass/sass.dart.js:5423:18)
      at StaticClosure.<anonymous> (/Users/brucelieu/Desktop/openart/frontend/node_modules/sass/sass.dart.js:128564:16)
      at _CustomZone.runUnary$2$2 (/Users/brucelieu/Desktop/openart/frontend/node_modules/sass/sass.dart.js:39936:39)
      at _Future__propagateToListeners_handleValueCallback.call$0 (/Users/brucelieu/Desktop/openart/frontend/node_modules/sass/sass.dart.js:38994:51)
      at Object._Future__propagateToListeners (/Users/brucelieu/Desktop/openart/frontend/node_modules/sass/sass.dart.js:5215:93)
      at _Future._completeWithValue$1 (/Users/brucelieu/Desktop/openart/frontend/node_modules/sass/sass.dart.js:38857:9)
      at _Future__asyncCompleteWithValue_closure.call$0 (/Users/brucelieu/Desktop/openart/frontend/node_modules/sass/sass.dart.js:38922:18)
      at Object._rootRun (/Users/brucelieu/Desktop/openart/frontend/node_modules/sass/sass.dart.js:5413:16)
      at StaticClosure.<anonymous> (/Users/brucelieu/Desktop/openart/frontend/node_modules/sass/sass.dart.js:128560:16)
      at _CustomZone.run$1$1 (/Users/brucelieu/Desktop/openart/frontend/node_modules/sass/sass.dart.js:39931:39)
      at _CustomZone_bindCallback_closure.call$0 (/Users/brucelieu/Desktop/openart/frontend/node_modules/sass/sass.dart.js:40028:25)
      at Object._microtaskLoop (/Users/brucelieu/Desktop/openart/frontend/node_modules/sass/sass.dart.js:5273:24)
      at StaticClosure._startMicrotaskLoop (/Users/brucelieu/Desktop/openart/frontend/node_modules/sass/sass.dart.js:5279:11)
6:07:17 PM [vite] hmr update /src/pages/ArtistPage.scss, /src/pages/CollectionPage.scss, /src/pages/ArtworkDetailPage.scss, /src/pages/SearchPage.scss, /src/pages/HomePage.scss, /src/components/artwork/ArtworkGrid.scss, /src/components/artwork/ArtworkViewer.scss, /src/components/layout/Header.scss, /src/components/artwork/ArtworkCard.scss, /src/components/layout/Footer.scss
DEPRECATION WARNING [legacy-js-api]: The legacy JS API is deprecated and will be removed in Dart Sass 2.0.0.

More info: https://sass-lang.com/d/legacy-js-api

DEPRECATION WARNING [import]: Sass @import rules are deprecated and will be removed in Dart Sass 3.0.0.

More info and automated migrator: https://sass-lang.com/d/import

  â•·
1 â”‚ @import 'base';
  â”‚         ^^^^^^
  â•µ
    src/styles/main.scss 1:9  root stylesheet

DEPRECATION WARNING [import]: Sass @import rules are deprecated and will be removed in Dart Sass 3.0.0.

More info and automated migrator: https://sass-lang.com/d/import

  â•·
2 â”‚ @import 'layout';
  â”‚         ^^^^^^^^
  â•µ
    src/styles/main.scss 2:9  root stylesheet

DEPRECATION WARNING [import]: Sass @import rules are deprecated and will be removed in Dart Sass 3.0.0.

More info and automated migrator: https://sass-lang.com/d/import

  â•·
3 â”‚ @import 'components';
  â”‚         ^^^^^^^^^^^^
  â•µ
    src/styles/main.scss 3:9  root stylesheet

DEPRECATION WARNING [legacy-js-api]: The legacy JS API is deprecated and will be removed in Dart Sass 2.0.0.

More info: https://sass-lang.com/d/legacy-js-api

DEPRECATION WARNING [import]: Sass @import rules are deprecated and will be removed in Dart Sass 3.0.0.

More info and automated migrator: https://sass-lang.com/d/import

  â•·
1 â”‚ @import '../styles/variables';
  â”‚         ^^^^^^^^^^^^^^^^^^^^^
  â•µ
    src/pages/SearchPage.scss 1:9  root stylesheet

DEPRECATION WARNING [legacy-js-api]: The legacy JS API is deprecated and will be removed in Dart Sass 2.0.0.

More info: https://sass-lang.com/d/legacy-js-api

DEPRECATION WARNING [import]: Sass @import rules are deprecated and will be removed in Dart Sass 3.0.0.

More info and automated migrator: https://sass-lang.com/d/import

  â•·
1 â”‚ @import '../styles/variables';
  â”‚         ^^^^^^^^^^^^^^^^^^^^^
  â•µ
    src/pages/ArtworkDetailPage.scss 1:9  root stylesheet

DEPRECATION WARNING [legacy-js-api]: The legacy JS API is deprecated and will be removed in Dart Sass 2.0.0.

More info: https://sass-lang.com/d/legacy-js-api

DEPRECATION WARNING [import]: Sass @import rules are deprecated and will be removed in Dart Sass 3.0.0.

More info and automated migrator: https://sass-lang.com/d/import

  â•·
1 â”‚ @import '../styles/variables';
  â”‚         ^^^^^^^^^^^^^^^^^^^^^
  â•µ
    src/pages/HomePage.scss 1:9  root stylesheet

DEPRECATION WARNING [legacy-js-api]: The legacy JS API is deprecated and will be removed in Dart Sass 2.0.0.

More info: https://sass-lang.com/d/legacy-js-api

DEPRECATION WARNING [import]: Sass @import rules are deprecated and will be removed in Dart Sass 3.0.0.

More info and automated migrator: https://sass-lang.com/d/import

  â•·
1 â”‚ @import '../../styles/variables';
  â”‚         ^^^^^^^^^^^^^^^^^^^^^^^^
  â•µ
    src/components/layout/Header.scss 1:9  root stylesheet

DEPRECATION WARNING [legacy-js-api]: The legacy JS API is deprecated and will be removed in Dart Sass 2.0.0.

More info: https://sass-lang.com/d/legacy-js-api

DEPRECATION WARNING [import]: Sass @import rules are deprecated and will be removed in Dart Sass 3.0.0.

More info and automated migrator: https://sass-lang.com/d/import

  â•·
1 â”‚ @import '../styles/variables';
  â”‚         ^^^^^^^^^^^^^^^^^^^^^
  â•µ
    src/pages/ArtistPage.scss 1:9  root stylesheet

DEPRECATION WARNING [import]: Sass @import rules are deprecated and will be removed in Dart Sass 3.0.0.

More info and automated migrator: https://sass-lang.com/d/import

  â•·
1 â”‚ @import 'variables';
  â”‚         ^^^^^^^^^^^
  â•µ
    src/styles/_base.scss 1:9  @import
    src/styles/main.scss 1:9   root stylesheet

DEPRECATION WARNING [global-builtin]: Global built-in functions are deprecated and will be removed in Dart Sass 3.0.0.
Use color.adjust instead.

More info and automated migrator: https://sass-lang.com/d/import

   â•·
56 â”‚       background: darken($nga-accent, 10%);
   â”‚                   ^^^^^^^^^^^^^^^^^^^^^^^^
   â•µ
    src/pages/SearchPage.scss 56:19  root stylesheet

DEPRECATION WARNING [color-functions]: darken() is deprecated. Suggestions:

color.scale($color, $lightness: -50%)
color.adjust($color, $lightness: -10%)

More info: https://sass-lang.com/d/color-functions

   â•·
56 â”‚       background: darken($nga-accent, 10%);
   â”‚                   ^^^^^^^^^^^^^^^^^^^^^^^^
   â•µ
    src/pages/SearchPage.scss 56:19  root stylesheet

DEPRECATION WARNING [global-builtin]: Global built-in functions are deprecated and will be removed in Dart Sass 3.0.0.
Use color.adjust instead.

More info and automated migrator: https://sass-lang.com/d/import

    â•·
100 â”‚       background: darken($nga-accent, 10%);
    â”‚                   ^^^^^^^^^^^^^^^^^^^^^^^^
    â•µ
    src/pages/HomePage.scss 100:19  root stylesheet

DEPRECATION WARNING [color-functions]: darken() is deprecated. Suggestions:

color.scale($color, $lightness: -50%)
color.adjust($color, $lightness: -10%)

More info: https://sass-lang.com/d/color-functions

    â•·
100 â”‚       background: darken($nga-accent, 10%);
    â”‚                   ^^^^^^^^^^^^^^^^^^^^^^^^
    â•µ
    src/pages/HomePage.scss 100:19  root stylesheet

DEPRECATION WARNING [global-builtin]: Global built-in functions are deprecated and will be removed in Dart Sass 3.0.0.
Use color.adjust instead.

More info and automated migrator: https://sass-lang.com/d/import

   â•·
91 â”‚       background: darken($nga-accent, 10%);
   â”‚                   ^^^^^^^^^^^^^^^^^^^^^^^^
   â•µ
    src/components/layout/Header.scss 91:19  root stylesheet

DEPRECATION WARNING [color-functions]: darken() is deprecated. Suggestions:

color.scale($color, $lightness: -50%)
color.adjust($color, $lightness: -10%)

More info: https://sass-lang.com/d/color-functions

   â•·
91 â”‚       background: darken($nga-accent, 10%);
   â”‚                   ^^^^^^^^^^^^^^^^^^^^^^^^
   â•µ
    src/components/layout/Header.scss 91:19  root stylesheet

DEPRECATION WARNING [import]: Sass @import rules are deprecated and will be removed in Dart Sass 3.0.0.

More info and automated migrator: https://sass-lang.com/d/import

  â•·
1 â”‚ @import 'variables';
  â”‚         ^^^^^^^^^^^
  â•µ
    src/styles/_layout.scss 1:9  @import
    src/styles/main.scss 2:9     root stylesheet

DEPRECATION WARNING [global-builtin]: Global built-in functions are deprecated and will be removed in Dart Sass 3.0.0.
Use color.adjust instead.

More info and automated migrator: https://sass-lang.com/d/import

    â•·
199 â”‚       background: darken($nga-accent, 10%);
    â”‚                   ^^^^^^^^^^^^^^^^^^^^^^^^
    â•µ
    src/pages/ArtworkDetailPage.scss 199:19  root stylesheet

DEPRECATION WARNING [color-functions]: darken() is deprecated. Suggestions:

color.scale($color, $lightness: -50%)
color.adjust($color, $lightness: -10%)

More info: https://sass-lang.com/d/color-functions

    â•·
199 â”‚       background: darken($nga-accent, 10%);
    â”‚                   ^^^^^^^^^^^^^^^^^^^^^^^^
    â•µ
    src/pages/ArtworkDetailPage.scss 199:19  root stylesheet

DEPRECATION WARNING [global-builtin]: Global built-in functions are deprecated and will be removed in Dart Sass 3.0.0.
Use color.adjust instead.

More info and automated migrator: https://sass-lang.com/d/import

    â•·
219 â”‚       background: darken($nga-success, 10%);
    â”‚                   ^^^^^^^^^^^^^^^^^^^^^^^^^
    â•µ
    src/pages/ArtworkDetailPage.scss 219:19  root stylesheet

DEPRECATION WARNING [color-functions]: darken() is deprecated. Suggestions:

color.scale($color, $lightness: -25.7575757576%)
color.adjust($color, $lightness: -10%)

More info: https://sass-lang.com/d/color-functions

    â•·
219 â”‚       background: darken($nga-success, 10%);
    â”‚                   ^^^^^^^^^^^^^^^^^^^^^^^^^
    â•µ
    src/pages/ArtworkDetailPage.scss 219:19  root stylesheet

DEPRECATION WARNING [global-builtin]: Global built-in functions are deprecated and will be removed in Dart Sass 3.0.0.
Use color.adjust instead.

More info and automated migrator: https://sass-lang.com/d/import

   â•·
92 â”‚       background: darken($nga-accent, 10%);
   â”‚                   ^^^^^^^^^^^^^^^^^^^^^^^^
   â•µ
    src/styles/_layout.scss 92:19  @import
    src/styles/main.scss 2:9       root stylesheet

DEPRECATION WARNING [color-functions]: darken() is deprecated. Suggestions:

color.scale($color, $lightness: -50%)
color.adjust($color, $lightness: -10%)

More info: https://sass-lang.com/d/color-functions

   â•·
92 â”‚       background: darken($nga-accent, 10%);
   â”‚                   ^^^^^^^^^^^^^^^^^^^^^^^^
   â•µ
    src/styles/_layout.scss 92:19  @import
    src/styles/main.scss 2:9       root stylesheet

WARNING: 1 repetitive deprecation warnings omitted.

DEPRECATION WARNING [legacy-js-api]: The legacy JS API is deprecated and will be removed in Dart Sass 2.0.0.

More info: https://sass-lang.com/d/legacy-js-api

DEPRECATION WARNING [import]: Sass @import rules are deprecated and will be removed in Dart Sass 3.0.0.

More info and automated migrator: https://sass-lang.com/d/import

  â•·
1 â”‚ @import '../../styles/variables';
  â”‚         ^^^^^^^^^^^^^^^^^^^^^^^^
  â•µ
    src/components/layout/Footer.scss 1:9  root stylesheet

DEPRECATION WARNING [legacy-js-api]: The legacy JS API is deprecated and will be removed in Dart Sass 2.0.0.

More info: https://sass-lang.com/d/legacy-js-api

DEPRECATION WARNING [import]: Sass @import rules are deprecated and will be removed in Dart Sass 3.0.0.

More info and automated migrator: https://sass-lang.com/d/import

  â•·
1 â”‚ @import '../styles/variables';
  â”‚         ^^^^^^^^^^^^^^^^^^^^^
  â•µ
    src/pages/CollectionPage.scss 1:9  root stylesheet

DEPRECATION WARNING [global-builtin]: Global built-in functions are deprecated and will be removed in Dart Sass 3.0.0.
Use color.adjust instead.

More info and automated migrator: https://sass-lang.com/d/import

    â•·
153 â”‚       background: darken($nga-accent, 10%);
    â”‚                   ^^^^^^^^^^^^^^^^^^^^^^^^
    â•µ
    src/pages/CollectionPage.scss 153:19  root stylesheet

DEPRECATION WARNING [color-functions]: darken() is deprecated. Suggestions:

color.scale($color, $lightness: -50%)
color.adjust($color, $lightness: -10%)

More info: https://sass-lang.com/d/color-functions

    â•·
153 â”‚       background: darken($nga-accent, 10%);
    â”‚                   ^^^^^^^^^^^^^^^^^^^^^^^^
    â•µ
    src/pages/CollectionPage.scss 153:19  root stylesheet

DEPRECATION WARNING [legacy-js-api]: The legacy JS API is deprecated and will be removed in Dart Sass 2.0.0.

More info: https://sass-lang.com/d/legacy-js-api

DEPRECATION WARNING [import]: Sass @import rules are deprecated and will be removed in Dart Sass 3.0.0.

More info and automated migrator: https://sass-lang.com/d/import

  â•·
1 â”‚ @import '../../styles/variables';
  â”‚         ^^^^^^^^^^^^^^^^^^^^^^^^
  â•µ
    src/components/artwork/ArtworkGrid.scss 1:9  root stylesheet

DEPRECATION WARNING [legacy-js-api]: The legacy JS API is deprecated and will be removed in Dart Sass 2.0.0.

More info: https://sass-lang.com/d/legacy-js-api

DEPRECATION WARNING [import]: Sass @import rules are deprecated and will be removed in Dart Sass 3.0.0.

More info and automated migrator: https://sass-lang.com/d/import

  â•·
1 â”‚ @import '../../styles/variables';
  â”‚         ^^^^^^^^^^^^^^^^^^^^^^^^
  â•µ
    src/components/artwork/ArtworkCard.scss 1:9  root stylesheet

DEPRECATION WARNING [legacy-js-api]: The legacy JS API is deprecated and will be removed in Dart Sass 2.0.0.

More info: https://sass-lang.com/d/legacy-js-api

DEPRECATION WARNING [import]: Sass @import rules are deprecated and will be removed in Dart Sass 3.0.0.

More info and automated migrator: https://sass-lang.com/d/import

  â•·
1 â”‚ @import '../../styles/variables';
  â”‚         ^^^^^^^^^^^^^^^^^^^^^^^^
  â•µ
    src/components/artwork/ArtworkViewer.scss 1:9  root stylesheet

DEPRECATION WARNING [global-builtin]: Global built-in functions are deprecated and will be removed in Dart Sass 3.0.0.
Use color.adjust instead.

More info and automated migrator: https://sass-lang.com/d/import

   â•·
40 â”‚       darken($nga-background, 5%) 50%,
   â”‚       ^^^^^^^^^^^^^^^^^^^^^^^^^^^
   â•µ
    src/components/artwork/ArtworkGrid.scss 40:7  root stylesheet

DEPRECATION WARNING [color-functions]: darken() is deprecated. Suggestions:

color.scale($color, $lightness: -5.1%)
color.adjust($color, $lightness: -5%)

More info: https://sass-lang.com/d/color-functions

   â•·
40 â”‚       darken($nga-background, 5%) 50%,
   â”‚       ^^^^^^^^^^^^^^^^^^^^^^^^^^^
   â•µ
    src/components/artwork/ArtworkGrid.scss 40:7  root stylesheet

6:07:22 PM [vite] hmr update /src/pages/ArtistPage.scss, /src/pages/CollectionPage.scss, /src/pages/ArtworkDetailPage.scss, /src/pages/SearchPage.scss, /src/pages/HomePage.scss, /src/components/artwork/ArtworkGrid.scss, /src/components/artwork/ArtworkViewer.scss, /src/components/layout/Header.scss, /src/components/artwork/ArtworkCard.scss, /src/components/layout/Footer.scss, /src/styles/main.scss
DEPRECATION WARNING [legacy-js-api]: The legacy JS API is deprecated and will be removed in Dart Sass 2.0.0.

More info: https://sass-lang.com/d/legacy-js-api

DEPRECATION WARNING [import]: Sass @import rules are deprecated and will be removed in Dart Sass 3.0.0.

More info and automated migrator: https://sass-lang.com/d/import

  â•·
1 â”‚ @import '../styles/variables';
  â”‚         ^^^^^^^^^^^^^^^^^^^^^
  â•µ
    src/pages/ArtistPage.scss 1:9  root stylesheet

DEPRECATION WARNING [legacy-js-api]: The legacy JS API is deprecated and will be removed in Dart Sass 2.0.0.

More info: https://sass-lang.com/d/legacy-js-api

DEPRECATION WARNING [import]: Sass @import rules are deprecated and will be removed in Dart Sass 3.0.0.

More info and automated migrator: https://sass-lang.com/d/import

  â•·
1 â”‚ @import '../styles/variables';
  â”‚         ^^^^^^^^^^^^^^^^^^^^^
  â•µ
    src/pages/ArtworkDetailPage.scss 1:9  root stylesheet

DEPRECATION WARNING [global-builtin]: Global built-in functions are deprecated and will be removed in Dart Sass 3.0.0.
Use color.adjust instead.

More info and automated migrator: https://sass-lang.com/d/import

    â•·
199 â”‚       background: darken($nga-accent, 10%);
    â”‚                   ^^^^^^^^^^^^^^^^^^^^^^^^
    â•µ
    src/pages/ArtworkDetailPage.scss 199:19  root stylesheet

DEPRECATION WARNING [color-functions]: darken() is deprecated. Suggestions:

color.scale($color, $lightness: -50%)
color.adjust($color, $lightness: -10%)

More info: https://sass-lang.com/d/color-functions

    â•·
199 â”‚       background: darken($nga-accent, 10%);
    â”‚                   ^^^^^^^^^^^^^^^^^^^^^^^^
    â•µ
    src/pages/ArtworkDetailPage.scss 199:19  root stylesheet

DEPRECATION WARNING [global-builtin]: Global built-in functions are deprecated and will be removed in Dart Sass 3.0.0.
Use color.adjust instead.

More info and automated migrator: https://sass-lang.com/d/import

    â•·
219 â”‚       background: darken($nga-success, 10%);
    â”‚                   ^^^^^^^^^^^^^^^^^^^^^^^^^
    â•µ
    src/pages/ArtworkDetailPage.scss 219:19  root stylesheet

DEPRECATION WARNING [color-functions]: darken() is deprecated. Suggestions:

color.scale($color, $lightness: -25.7575757576%)
color.adjust($color, $lightness: -10%)

More info: https://sass-lang.com/d/color-functions

    â•·
219 â”‚       background: darken($nga-success, 10%);
    â”‚                   ^^^^^^^^^^^^^^^^^^^^^^^^^
    â•µ
    src/pages/ArtworkDetailPage.scss 219:19  root stylesheet

DEPRECATION WARNING [legacy-js-api]: The legacy JS API is deprecated and will be removed in Dart Sass 2.0.0.

More info: https://sass-lang.com/d/legacy-js-api

DEPRECATION WARNING [import]: Sass @import rules are deprecated and will be removed in Dart Sass 3.0.0.

More info and automated migrator: https://sass-lang.com/d/import

  â•·
1 â”‚ @import '../styles/variables';
  â”‚         ^^^^^^^^^^^^^^^^^^^^^
  â•µ
    src/pages/CollectionPage.scss 1:9  root stylesheet

DEPRECATION WARNING [legacy-js-api]: The legacy JS API is deprecated and will be removed in Dart Sass 2.0.0.

More info: https://sass-lang.com/d/legacy-js-api

DEPRECATION WARNING [import]: Sass @import rules are deprecated and will be removed in Dart Sass 3.0.0.

More info and automated migrator: https://sass-lang.com/d/import

  â•·
1 â”‚ @import '../styles/variables';
  â”‚         ^^^^^^^^^^^^^^^^^^^^^
  â•µ
    src/pages/SearchPage.scss 1:9  root stylesheet

DEPRECATION WARNING [legacy-js-api]: The legacy JS API is deprecated and will be removed in Dart Sass 2.0.0.

More info: https://sass-lang.com/d/legacy-js-api

DEPRECATION WARNING [import]: Sass @import rules are deprecated and will be removed in Dart Sass 3.0.0.

More info and automated migrator: https://sass-lang.com/d/import

  â•·
1 â”‚ @import '../styles/variables';
  â”‚         ^^^^^^^^^^^^^^^^^^^^^
  â•µ
    src/pages/HomePage.scss 1:9  root stylesheet

DEPRECATION WARNING [global-builtin]: Global built-in functions are deprecated and will be removed in Dart Sass 3.0.0.
Use color.adjust instead.

More info and automated migrator: https://sass-lang.com/d/import

   â•·
56 â”‚       background: darken($nga-accent, 10%);
   â”‚                   ^^^^^^^^^^^^^^^^^^^^^^^^
   â•µ
    src/pages/SearchPage.scss 56:19  root stylesheet

DEPRECATION WARNING [color-functions]: darken() is deprecated. Suggestions:

color.scale($color, $lightness: -50%)
color.adjust($color, $lightness: -10%)

More info: https://sass-lang.com/d/color-functions

   â•·
56 â”‚       background: darken($nga-accent, 10%);
   â”‚                   ^^^^^^^^^^^^^^^^^^^^^^^^
   â•µ
    src/pages/SearchPage.scss 56:19  root stylesheet

DEPRECATION WARNING [global-builtin]: Global built-in functions are deprecated and will be removed in Dart Sass 3.0.0.
Use color.adjust instead.

More info and automated migrator: https://sass-lang.com/d/import

    â•·
100 â”‚       background: darken($nga-accent, 10%);
    â”‚                   ^^^^^^^^^^^^^^^^^^^^^^^^
    â•µ
    src/pages/HomePage.scss 100:19  root stylesheet

DEPRECATION WARNING [color-functions]: darken() is deprecated. Suggestions:

color.scale($color, $lightness: -50%)
color.adjust($color, $lightness: -10%)

More info: https://sass-lang.com/d/color-functions

    â•·
100 â”‚       background: darken($nga-accent, 10%);
    â”‚                   ^^^^^^^^^^^^^^^^^^^^^^^^
    â•µ
    src/pages/HomePage.scss 100:19  root stylesheet

DEPRECATION WARNING [global-builtin]: Global built-in functions are deprecated and will be removed in Dart Sass 3.0.0.
Use color.adjust instead.

More info and automated migrator: https://sass-lang.com/d/import

    â•·
153 â”‚       background: darken($nga-accent, 10%);
    â”‚                   ^^^^^^^^^^^^^^^^^^^^^^^^
    â•µ
    src/pages/CollectionPage.scss 153:19  root stylesheet

DEPRECATION WARNING [color-functions]: darken() is deprecated. Suggestions:

color.scale($color, $lightness: -50%)
color.adjust($color, $lightness: -10%)

More info: https://sass-lang.com/d/color-functions

    â•·
153 â”‚       background: darken($nga-accent, 10%);
    â”‚                   ^^^^^^^^^^^^^^^^^^^^^^^^
    â•µ
    src/pages/CollectionPage.scss 153:19  root stylesheet

DEPRECATION WARNING [legacy-js-api]: The legacy JS API is deprecated and will be removed in Dart Sass 2.0.0.

More info: https://sass-lang.com/d/legacy-js-api

DEPRECATION WARNING [import]: Sass @import rules are deprecated and will be removed in Dart Sass 3.0.0.

More info and automated migrator: https://sass-lang.com/d/import

  â•·
1 â”‚ @import '../../styles/variables';
  â”‚         ^^^^^^^^^^^^^^^^^^^^^^^^
  â•µ
    src/components/artwork/ArtworkGrid.scss 1:9  root stylesheet

DEPRECATION WARNING [global-builtin]: Global built-in functions are deprecated and will be removed in Dart Sass 3.0.0.
Use color.adjust instead.

More info and automated migrator: https://sass-lang.com/d/import

   â•·
40 â”‚       darken($nga-background, 5%) 50%,
   â”‚       ^^^^^^^^^^^^^^^^^^^^^^^^^^^
   â•µ
    src/components/artwork/ArtworkGrid.scss 40:7  root stylesheet

DEPRECATION WARNING [color-functions]: darken() is deprecated. Suggestions:

color.scale($color, $lightness: -5.1%)
color.adjust($color, $lightness: -5%)

More info: https://sass-lang.com/d/color-functions

   â•·
40 â”‚       darken($nga-background, 5%) 50%,
   â”‚       ^^^^^^^^^^^^^^^^^^^^^^^^^^^
   â•µ
    src/components/artwork/ArtworkGrid.scss 40:7  root stylesheet

DEPRECATION WARNING [legacy-js-api]: The legacy JS API is deprecated and will be removed in Dart Sass 2.0.0.

More info: https://sass-lang.com/d/legacy-js-api

DEPRECATION WARNING [import]: Sass @import rules are deprecated and will be removed in Dart Sass 3.0.0.

More info and automated migrator: https://sass-lang.com/d/import

  â•·
1 â”‚ @import '../../styles/variables';
  â”‚         ^^^^^^^^^^^^^^^^^^^^^^^^
  â•µ
    src/components/artwork/ArtworkViewer.scss 1:9  root stylesheet

DEPRECATION WARNING [legacy-js-api]: The legacy JS API is deprecated and will be removed in Dart Sass 2.0.0.

More info: https://sass-lang.com/d/legacy-js-api

DEPRECATION WARNING [import]: Sass @import rules are deprecated and will be removed in Dart Sass 3.0.0.

More info and automated migrator: https://sass-lang.com/d/import

  â•·
1 â”‚ @import '../../styles/variables';
  â”‚         ^^^^^^^^^^^^^^^^^^^^^^^^
  â•µ
    src/components/layout/Header.scss 1:9  root stylesheet

DEPRECATION WARNING [global-builtin]: Global built-in functions are deprecated and will be removed in Dart Sass 3.0.0.
Use color.adjust instead.

More info and automated migrator: https://sass-lang.com/d/import

   â•·
91 â”‚       background: darken($nga-accent, 10%);
   â”‚                   ^^^^^^^^^^^^^^^^^^^^^^^^
   â•µ
    src/components/layout/Header.scss 91:19  root stylesheet

DEPRECATION WARNING [color-functions]: darken() is deprecated. Suggestions:

color.scale($color, $lightness: -50%)
color.adjust($color, $lightness: -10%)

More info: https://sass-lang.com/d/color-functions

   â•·
91 â”‚       background: darken($nga-accent, 10%);
   â”‚                   ^^^^^^^^^^^^^^^^^^^^^^^^
   â•µ
    src/components/layout/Header.scss 91:19  root stylesheet

DEPRECATION WARNING [legacy-js-api]: The legacy JS API is deprecated and will be removed in Dart Sass 2.0.0.

More info: https://sass-lang.com/d/legacy-js-api

DEPRECATION WARNING [import]: Sass @import rules are deprecated and will be removed in Dart Sass 3.0.0.

More info and automated migrator: https://sass-lang.com/d/import

  â•·
1 â”‚ @import '../../styles/variables';
  â”‚         ^^^^^^^^^^^^^^^^^^^^^^^^
  â•µ
    src/components/artwork/ArtworkCard.scss 1:9  root stylesheet

DEPRECATION WARNING [legacy-js-api]: The legacy JS API is deprecated and will be removed in Dart Sass 2.0.0.

More info: https://sass-lang.com/d/legacy-js-api

DEPRECATION WARNING [import]: Sass @import rules are deprecated and will be removed in Dart Sass 3.0.0.

More info and automated migrator: https://sass-lang.com/d/import

  â•·
1 â”‚ @import '../../styles/variables';
  â”‚         ^^^^^^^^^^^^^^^^^^^^^^^^
  â•µ
    src/components/layout/Footer.scss 1:9  root stylesheet

DEPRECATION WARNING [legacy-js-api]: The legacy JS API is deprecated and will be removed in Dart Sass 2.0.0.

More info: https://sass-lang.com/d/legacy-js-api

DEPRECATION WARNING [import]: Sass @import rules are deprecated and will be removed in Dart Sass 3.0.0.

More info and automated migrator: https://sass-lang.com/d/import

  â•·
1 â”‚ @import 'base';
  â”‚         ^^^^^^
  â•µ
    src/styles/main.scss 1:9  root stylesheet

DEPRECATION WARNING [import]: Sass @import rules are deprecated and will be removed in Dart Sass 3.0.0.

More info and automated migrator: https://sass-lang.com/d/import

  â•·
2 â”‚ @import 'layout';
  â”‚         ^^^^^^^^
  â•µ
    src/styles/main.scss 2:9  root stylesheet

DEPRECATION WARNING [import]: Sass @import rules are deprecated and will be removed in Dart Sass 3.0.0.

More info and automated migrator: https://sass-lang.com/d/import

  â•·
3 â”‚ @import 'components';
  â”‚         ^^^^^^^^^^^^
  â•µ
    src/styles/main.scss 3:9  root stylesheet

DEPRECATION WARNING [import]: Sass @import rules are deprecated and will be removed in Dart Sass 3.0.0.

More info and automated migrator: https://sass-lang.com/d/import

  â•·
1 â”‚ @import 'variables';
  â”‚         ^^^^^^^^^^^
  â•µ
    src/styles/_base.scss 1:9  @import
    src/styles/main.scss 1:9   root stylesheet

DEPRECATION WARNING [import]: Sass @import rules are deprecated and will be removed in Dart Sass 3.0.0.

More info and automated migrator: https://sass-lang.com/d/import

  â•·
1 â”‚ @import 'variables';
  â”‚         ^^^^^^^^^^^
  â•µ
    src/styles/_layout.scss 1:9  @import
    src/styles/main.scss 2:9     root stylesheet

DEPRECATION WARNING [global-builtin]: Global built-in functions are deprecated and will be removed in Dart Sass 3.0.0.
Use color.adjust instead.

More info and automated migrator: https://sass-lang.com/d/import

   â•·
92 â”‚       background: darken($nga-accent, 10%);
   â”‚                   ^^^^^^^^^^^^^^^^^^^^^^^^
   â•µ
    src/styles/_layout.scss 92:19  @import
    src/styles/main.scss 2:9       root stylesheet

DEPRECATION WARNING [color-functions]: darken() is deprecated. Suggestions:

color.scale($color, $lightness: -50%)
color.adjust($color, $lightness: -10%)

More info: https://sass-lang.com/d/color-functions

   â•·
92 â”‚       background: darken($nga-accent, 10%);
   â”‚                   ^^^^^^^^^^^^^^^^^^^^^^^^
   â•µ
    src/styles/_layout.scss 92:19  @import
    src/styles/main.scss 2:9       root stylesheet

WARNING: 1 repetitive deprecation warnings omitted.

6:18:42 PM [vite] changed tsconfig file detected: /Users/brucelieu/Desktop/openart/frontend/tsconfig.json - Clearing cache and forcing full-reload to ensure TypeScript is compiled with updated config values.
6:18:42 PM [vite] vite.config.ts changed, restarting server...
Re-optimizing dependencies because lockfile has changed
6:18:43 PM [vite] server restarted.
(!) Could not auto-determine entry point from rollupOptions or html files and there are no explicit optimizeDeps.include patterns. Skipping dependency pre-bundling.
