2026-01-04 19:38:18 [info]: GET /health 200 9ms
2026-01-04 19:44:58 [warn]: GET /api/objects/classifications 500 10ms
2026-01-04 19:44:58 [warn]: GET /api/objects/departments 500 9ms
2026-01-04 19:44:58 [warn]: GET /api/objects/classifications 500 3ms
2026-01-04 19:44:58 [warn]: GET /api/objects/departments 500 4ms
2026-01-04 19:44:58 [warn]: GET /api/objects/classifications 500 3ms
2026-01-04 19:44:58 [warn]: GET /api/objects/departments 500 4ms
2026-01-04 19:47:43 [warn]: GET /api/objects/classifications 500 18ms
2026-01-04 19:47:43 [warn]: GET /api/objects/departments 500 24ms
2026-01-04 19:47:43 [warn]: GET /api/objects/classifications 500 5ms
2026-01-04 19:47:43 [warn]: GET /api/objects/departments 500 6ms
2026-01-04 19:47:43 [warn]: GET /api/objects/classifications 500 4ms
2026-01-04 19:47:43 [warn]: GET /api/objects/departments 500 5ms
2026-01-04 19:51:05 [warn]: GET /api/objects?page=1&limit=12&sortBy=id&sortOrder=asc 500 2ms
2026-01-04 19:51:05 [warn]: GET /api/objects?page=1&limit=12&sortBy=id&sortOrder=asc 500 2ms
2026-01-04 19:51:05 [warn]: GET /api/objects?page=1&limit=12&sortBy=id&sortOrder=asc 500 3ms
2026-01-04 19:51:07 [warn]: GET /api/objects?page=1&limit=12&sortBy=id&sortOrder=asc 500 2ms
2026-01-04 19:51:07 [warn]: GET /api/objects?page=1&limit=12&sortBy=id&sortOrder=asc 500 4ms
2026-01-04 19:51:07 [warn]: GET /api/objects?page=1&limit=12&sortBy=id&sortOrder=asc 500 3ms
2026-01-04 19:51:09 [warn]: GET /api/objects?page=1&limit=12&sortBy=id&sortOrder=asc 500 2ms
2026-01-04 19:51:09 [warn]: GET /api/objects?page=1&limit=12&sortBy=id&sortOrder=asc 500 4ms
2026-01-04 19:51:09 [warn]: GET /api/objects?page=1&limit=12&sortBy=id&sortOrder=asc 500 3ms
2026-01-04 19:51:15 [warn]: GET /api/objects?page=1&limit=12&sortBy=id&sortOrder=asc 500 1ms
2026-01-04 19:51:15 [warn]: GET /api/objects?page=1&limit=12&sortBy=id&sortOrder=asc 500 1ms
2026-01-04 19:51:15 [warn]: GET /api/objects?page=1&limit=12&sortBy=id&sortOrder=asc 500 2ms
2026-01-04 19:51:16 [warn]: GET /api/objects?page=1&limit=12&sortBy=id&sortOrder=asc 500 2ms
2026-01-04 19:51:16 [warn]: GET /api/objects?page=1&limit=12&sortBy=id&sortOrder=asc 500 3ms
2026-01-04 19:51:16 [warn]: GET /api/objects?page=1&limit=12&sortBy=id&sortOrder=asc 500 2ms
2026-01-04 19:51:58 [warn]: GET /api/objects?page=1&limit=12&sortBy=id&sortOrder=asc 500 2ms
2026-01-04 19:51:58 [warn]: GET /api/objects?page=1&limit=12&sortBy=id&sortOrder=asc 500 3ms
2026-01-04 19:51:58 [warn]: GET /api/objects?page=1&limit=12&sortBy=id&sortOrder=asc 500 2ms
2026-01-04 19:52:07 [warn]: GET /api/objects?page=1&limit=12&sortBy=id&sortOrder=asc 500 2ms
2026-01-04 19:52:07 [warn]: GET /api/objects?page=1&limit=12&sortBy=id&sortOrder=asc 500 3ms
2026-01-04 19:52:07 [warn]: GET /api/objects?page=1&limit=12&sortBy=id&sortOrder=asc 500 2ms
2026-01-04 19:52:14 [warn]: GET /api/objects?page=1&limit=12&sortBy=id&sortOrder=asc 500 2ms
2026-01-04 19:52:14 [warn]: GET /api/objects?page=1&limit=12&sortBy=id&sortOrder=asc 500 3ms
2026-01-04 19:52:14 [warn]: GET /api/objects?page=1&limit=12&sortBy=id&sortOrder=asc 500 2ms
2026-01-04 19:52:31 [warn]: GET /api/objects?page=1&limit=12&sortBy=id&sortOrder=asc 500 2ms
2026-01-04 19:52:31 [warn]: GET /api/objects?page=1&limit=12&sortBy=id&sortOrder=asc 500 3ms
2026-01-04 19:52:31 [warn]: GET /api/objects?page=1&limit=12&sortBy=id&sortOrder=asc 500 3ms
2026-01-04 19:52:32 [warn]: GET /api/objects?page=1&limit=12&sortBy=id&sortOrder=asc 500 3ms
2026-01-04 19:52:32 [warn]: GET /api/objects?page=1&limit=12&sortBy=id&sortOrder=asc 500 4ms
2026-01-04 19:52:32 [warn]: GET /api/objects?page=1&limit=12&sortBy=id&sortOrder=asc 500 2ms
2026-01-04 19:52:37 [warn]: GET /api/analysis/timeline?startYear=1000&endYear=2024&interval=decade 500 3ms
2026-01-04 19:52:37 [warn]: GET /api/analysis/timeline?startYear=1000&endYear=2024&interval=decade 500 3ms
2026-01-04 19:52:37 [warn]: GET /api/analysis/timeline?startYear=1000&endYear=2024&interval=decade 500 2ms
2026-01-04 19:52:39 [warn]: GET /api/analysis/statistics 500 4ms
2026-01-04 19:52:39 [warn]: GET /api/analysis/statistics 500 8ms
2026-01-04 19:52:39 [warn]: GET /api/analysis/statistics 500 7ms
2026-01-04 19:52:40 [warn]: GET /api/objects?page=1&limit=12&sortBy=id&sortOrder=asc 500 4ms
2026-01-04 19:52:40 [warn]: GET /api/objects?page=1&limit=12&sortBy=id&sortOrder=asc 500 8ms
2026-01-04 19:52:40 [warn]: GET /api/objects?page=1&limit=12&sortBy=id&sortOrder=asc 500 5ms
2026-01-04 19:52:56 [warn]: GET /api/objects?page=1&limit=12&sortBy=id&sortOrder=asc 500 1ms
2026-01-04 19:52:56 [warn]: GET /api/objects?page=1&limit=12&sortBy=id&sortOrder=asc 500 2ms
2026-01-04 19:52:56 [warn]: GET /api/objects?page=1&limit=12&sortBy=id&sortOrder=asc 500 2ms
2026-01-04 19:53:00 [warn]: GET /api/objects?page=1&limit=12&sortBy=id&sortOrder=asc 500 2ms
2026-01-04 19:53:00 [warn]: GET /api/objects?page=1&limit=12&sortBy=id&sortOrder=asc 500 3ms
2026-01-04 19:53:00 [warn]: GET /api/objects?page=1&limit=12&sortBy=id&sortOrder=asc 500 13ms
2026-01-04 19:53:02 [warn]: GET /api/objects?page=1&limit=12&sortBy=id&sortOrder=asc 500 2ms
2026-01-04 19:53:02 [warn]: GET /api/objects?page=1&limit=12&sortBy=id&sortOrder=asc 500 3ms
2026-01-04 19:53:02 [warn]: GET /api/objects?page=1&limit=12&sortBy=id&sortOrder=asc 500 2ms
2026-01-04 19:53:04 [warn]: GET /api/objects?page=1&limit=12&sortBy=id&sortOrder=asc 500 2ms
2026-01-04 19:53:04 [warn]: GET /api/objects?page=1&limit=12&sortBy=id&sortOrder=asc 500 2ms
2026-01-04 19:53:04 [warn]: GET /api/objects?page=1&limit=12&sortBy=id&sortOrder=asc 500 1ms
2026-01-04 19:53:52 [warn]: GET /api/objects?page=1&limit=12&sortBy=id&sortOrder=asc 500 5ms
2026-01-04 19:53:52 [warn]: GET /api/objects?page=1&limit=12&sortBy=id&sortOrder=asc 500 12ms
2026-01-04 19:53:52 [warn]: GET /api/objects?page=1&limit=12&sortBy=id&sortOrder=asc 500 4ms
2026-01-04 19:54:41 [warn]: GET /api/objects?page=1&limit=12&sortBy=id&sortOrder=asc 500 2ms
2026-01-04 19:54:41 [warn]: GET /api/objects?page=1&limit=12&sortBy=id&sortOrder=asc 500 3ms
2026-01-04 19:54:41 [warn]: GET /api/objects?page=1&limit=12&sortBy=id&sortOrder=asc 500 2ms
2026-01-04 19:54:43 [warn]: GET /api/objects?page=1&limit=12&sortBy=id&sortOrder=asc 500 2ms
2026-01-04 19:54:43 [warn]: GET /api/objects?page=1&limit=12&sortBy=id&sortOrder=asc 500 2ms
2026-01-04 19:54:43 [warn]: GET /api/objects?page=1&limit=12&sortBy=id&sortOrder=asc 500 1ms
2026-01-04 19:54:54 [warn]: GET /api/objects?page=1&limit=12&sortBy=id&sortOrder=asc 500 3ms
2026-01-04 19:54:54 [warn]: GET /api/objects?page=1&limit=12&sortBy=id&sortOrder=asc 500 3ms
2026-01-04 19:54:54 [warn]: GET /api/objects?page=1&limit=12&sortBy=id&sortOrder=asc 500 2ms
2026-01-04 19:54:55 [warn]: GET /api/objects?page=1&limit=12&sortBy=id&sortOrder=asc 500 3ms
2026-01-04 19:54:55 [warn]: GET /api/objects?page=1&limit=12&sortBy=id&sortOrder=asc 500 3ms
2026-01-04 19:54:57 [warn]: GET /api/objects?page=1&limit=12&sortBy=id&sortOrder=asc 500 6ms
2026-01-04 19:54:57 [warn]: GET /api/objects?page=1&limit=12&sortBy=id&sortOrder=asc 500 19ms
2026-01-04 19:54:57 [warn]: GET /api/objects?page=1&limit=12&sortBy=id&sortOrder=asc 500 3ms
2026-01-04 19:54:58 [warn]: GET /api/objects?page=1&limit=12&sortBy=id&sortOrder=asc 500 3ms
2026-01-04 19:54:58 [warn]: GET /api/objects?page=1&limit=12&sortBy=id&sortOrder=asc 500 2ms
2026-01-04 19:54:58 [warn]: GET /api/objects?page=1&limit=12&sortBy=id&sortOrder=asc 500 3ms
2026-01-04 19:55:18 [warn]: GET /api/objects/classifications 500 28ms
2026-01-04 19:55:18 [warn]: GET /api/objects/departments 500 25ms
2026-01-04 19:55:18 [warn]: GET /api/objects/classifications 500 3ms
2026-01-04 19:55:18 [warn]: GET /api/objects/departments 500 4ms
2026-01-04 19:55:22 [warn]: GET /api/objects/classifications 500 4ms
2026-01-04 19:55:22 [warn]: GET /api/objects/departments 500 6ms
2026-01-04 19:55:22 [warn]: GET /api/objects/classifications 500 18ms
2026-01-04 19:55:22 [warn]: GET /api/objects/departments 500 27ms
2026-01-04 19:55:22 [warn]: GET /api/objects/classifications 500 28ms
2026-01-04 19:55:22 [warn]: GET /api/objects/departments 500 9ms
2026-01-04 19:55:25 [warn]: GET /api/analysis/timeline?startYear=1000&endYear=2024&interval=decade 500 2ms
2026-01-04 19:55:25 [warn]: GET /api/analysis/timeline?startYear=1000&endYear=2024&interval=decade 500 3ms
2026-01-04 19:55:25 [warn]: GET /api/analysis/timeline?startYear=1000&endYear=2024&interval=decade 500 4ms
2026-01-04 20:05:07 [warn]: GET /api/objects/classifications 500 18ms
2026-01-04 20:05:07 [warn]: GET /api/objects/departments 500 19ms
2026-01-04 20:05:07 [warn]: GET /api/objects/classifications 500 6ms
2026-01-04 20:05:07 [warn]: GET /api/objects/departments 500 5ms
2026-01-04 20:05:07 [warn]: GET /api/objects/classifications 500 4ms
2026-01-04 20:05:07 [warn]: GET /api/objects/departments 500 3ms
2026-01-04 20:05:10 [warn]: GET /api/objects/classifications 500 4ms
2026-01-04 20:05:10 [warn]: GET /api/objects/departments 500 5ms
2026-01-04 20:05:10 [warn]: GET /api/objects/classifications 500 5ms
2026-01-04 20:05:10 [warn]: GET /api/objects/departments 500 7ms
2026-01-04 20:05:10 [warn]: GET /api/objects/classifications 500 6ms
2026-01-04 20:05:10 [warn]: GET /api/objects/departments 500 5ms
2026-01-04 20:06:10 [warn]: GET /api/analysis/timeline?startYear=1000&endYear=2024&interval=decade 500 3ms
2026-01-04 20:06:10 [warn]: GET /api/analysis/timeline?startYear=1000&endYear=2024&interval=decade 500 4ms
2026-01-04 20:06:10 [warn]: GET /api/analysis/timeline?startYear=1000&endYear=2024&interval=decade 500 8ms
2026-01-04 20:06:54 [info]: GET /health 200 2ms
2026-01-04 20:07:00 [warn]: GET /api/objects/classifications 500 4ms
2026-01-04 20:07:00 [warn]: GET /api/objects/departments 500 8ms
2026-01-04 20:07:00 [warn]: GET /api/objects/classifications 500 5ms
2026-01-04 20:07:00 [warn]: GET /api/objects/departments 500 8ms
2026-01-04 20:07:00 [warn]: GET /api/objects/classifications 500 7ms
2026-01-04 20:07:00 [warn]: GET /api/objects/departments 500 4ms
2026-01-04 20:07:03 [warn]: GET /api/objects/classifications 500 2ms
2026-01-04 20:07:03 [warn]: GET /api/objects/departments 500 4ms
2026-01-04 20:07:03 [warn]: GET /api/objects/classifications 500 5ms
2026-01-04 20:07:03 [warn]: GET /api/objects/departments 500 4ms
2026-01-04 20:07:03 [warn]: GET /api/objects/classifications 500 5ms
2026-01-04 20:07:03 [warn]: GET /api/objects/departments 500 5ms
2026-01-05 08:51:51 [warn]: GET /api/objects/classifications 500 31ms
2026-01-05 08:51:51 [warn]: GET /api/objects/departments 500 37ms
2026-01-05 08:51:51 [warn]: GET /api/objects?page=1&limit=20&sortBy=id&sortOrder=asc 500 42ms
2026-01-05 08:51:51 [warn]: GET /api/objects/classifications 500 30ms
2026-01-05 08:51:51 [warn]: GET /api/objects/departments 500 25ms
2026-01-05 08:51:51 [warn]: GET /api/objects?page=1&limit=20&sortBy=id&sortOrder=asc 500 21ms
2026-01-05 08:51:51 [warn]: GET /api/objects/classifications 500 18ms
2026-01-05 08:51:51 [warn]: GET /api/objects/departments 500 23ms
2026-01-05 08:51:55 [warn]: GET /api/objects?page=1&limit=12&sortBy=id&sortOrder=asc 500 3ms
2026-01-05 08:51:55 [warn]: GET /api/objects?page=1&limit=12&sortBy=id&sortOrder=asc 500 3ms
2026-01-05 08:51:56 [warn]: GET /api/objects?page=1&limit=20&sortBy=id&sortOrder=asc 500 6ms
2026-01-05 08:51:56 [warn]: GET /api/objects/classifications 500 5ms
2026-01-05 08:51:56 [warn]: GET /api/objects/departments 500 37ms
2026-01-05 08:51:56 [warn]: GET /api/objects?page=1&limit=20&sortBy=id&sortOrder=asc 500 10ms
2026-01-05 08:51:56 [warn]: GET /api/objects/classifications 500 10ms
2026-01-05 08:51:56 [warn]: GET /api/objects/departments 500 21ms
2026-01-05 08:51:56 [warn]: GET /api/objects?page=1&limit=20&sortBy=id&sortOrder=asc 500 16ms
2026-01-05 08:51:56 [warn]: GET /api/objects/classifications 500 18ms
2026-01-05 08:51:56 [warn]: GET /api/objects/departments 500 8ms
2026-01-05 08:52:31 [warn]: GET /api/objects?page=1&limit=12&sortBy=id&sortOrder=asc 500 3ms
2026-01-05 08:52:31 [warn]: GET /api/objects?page=1&limit=12&sortBy=id&sortOrder=asc 500 2ms
2026-01-05 08:52:31 [warn]: GET /api/objects?page=1&limit=12&sortBy=id&sortOrder=asc 500 2ms
2026-01-05 08:54:15 [warn]: GET /api/objects?page=1&limit=12&sortBy=id&sortOrder=asc 500 5ms
2026-01-05 08:54:15 [warn]: GET /api/objects?page=1&limit=12&sortBy=id&sortOrder=asc 500 6ms
2026-01-05 08:54:15 [warn]: GET /api/objects?page=1&limit=12&sortBy=id&sortOrder=asc 500 3ms
2026-01-05 08:54:17 [warn]: GET /api/objects?page=1&limit=12&sortBy=id&sortOrder=asc 500 4ms
2026-01-05 08:54:17 [warn]: GET /api/objects?page=1&limit=12&sortBy=id&sortOrder=asc 500 4ms
2026-01-05 08:54:17 [warn]: GET /api/objects?page=1&limit=12&sortBy=id&sortOrder=asc 500 8ms
2026-01-05 08:54:20 [warn]: GET /api/objects?page=1&limit=20&sortBy=id&sortOrder=asc 500 9ms
2026-01-05 08:54:20 [warn]: GET /api/objects/classifications 500 9ms
2026-01-05 08:54:20 [warn]: GET /api/objects/departments 500 9ms
2026-01-05 08:54:20 [warn]: GET /api/objects?page=1&limit=20&sortBy=id&sortOrder=asc 500 4ms
2026-01-05 08:54:20 [warn]: GET /api/objects/classifications 500 5ms
2026-01-05 08:54:20 [warn]: GET /api/objects/departments 500 7ms
2026-01-05 08:54:20 [warn]: GET /api/objects?page=1&limit=20&sortBy=id&sortOrder=asc 500 5ms
2026-01-05 08:54:20 [warn]: GET /api/objects/classifications 500 6ms
2026-01-05 08:54:20 [warn]: GET /api/objects/departments 500 6ms
2026-01-05 08:54:23 [warn]: GET /api/objects?page=1&limit=12&sortBy=id&sortOrder=asc 500 2ms
2026-01-05 08:54:23 [warn]: GET /api/objects?page=1&limit=12&sortBy=id&sortOrder=asc 500 3ms
2026-01-05 08:54:23 [warn]: GET /api/objects?page=1&limit=12&sortBy=id&sortOrder=asc 500 2ms
2026-01-05 08:54:25 [warn]: GET /api/objects?page=1&limit=12&sortBy=id&sortOrder=asc 500 2ms
2026-01-05 08:54:25 [warn]: GET /api/objects?page=1&limit=12&sortBy=id&sortOrder=asc 500 3ms
2026-01-05 08:54:25 [warn]: GET /api/objects?page=1&limit=12&sortBy=id&sortOrder=asc 500 3ms
2026-01-05 08:54:27 [warn]: GET /api/objects?page=1&limit=12&sortBy=id&sortOrder=asc 500 3ms
2026-01-05 08:54:27 [warn]: GET /api/objects?page=1&limit=12&sortBy=id&sortOrder=asc 500 3ms
2026-01-05 08:54:27 [warn]: GET /api/objects?page=1&limit=12&sortBy=id&sortOrder=asc 500 3ms
2026-01-05 08:54:27 [warn]: GET /api/objects?page=1&limit=12&sortBy=id&sortOrder=asc 500 3ms
2026-01-05 08:54:27 [warn]: GET /api/objects?page=1&limit=12&sortBy=id&sortOrder=asc 500 3ms
2026-01-05 08:54:27 [warn]: GET /api/objects?page=1&limit=12&sortBy=id&sortOrder=asc 500 3ms
2026-01-05 08:54:42 [warn]: GET /api/objects?page=1&limit=12&sortBy=id&sortOrder=asc 500 2ms
2026-01-05 08:54:51 [warn]: GET /api/objects?page=1&limit=12&sortBy=id&sortOrder=asc 500 6ms
2026-01-05 08:54:51 [warn]: GET /api/objects?page=1&limit=12&sortBy=id&sortOrder=asc 500 5ms
2026-01-05 08:54:51 [warn]: GET /api/objects?page=1&limit=12&sortBy=id&sortOrder=asc 500 10ms
2026-01-05 08:54:53 [warn]: GET /api/objects?page=1&limit=12&sortBy=id&sortOrder=asc 500 2ms
2026-01-05 08:54:53 [warn]: GET /api/objects?page=1&limit=12&sortBy=id&sortOrder=asc 500 3ms
2026-01-05 08:54:53 [warn]: GET /api/objects?page=1&limit=12&sortBy=id&sortOrder=asc 500 4ms
2026-01-05 08:55:00 [warn]: GET /api/objects?page=1&limit=20&sortBy=id&sortOrder=asc 500 30ms
2026-01-05 08:55:00 [warn]: GET /api/objects/classifications 500 8ms
2026-01-05 08:55:00 [warn]: GET /api/objects/departments 500 9ms
2026-01-05 08:55:00 [warn]: GET /api/objects?page=1&limit=20&sortBy=id&sortOrder=asc 500 10ms
2026-01-05 08:55:00 [warn]: GET /api/objects/departments 500 12ms
2026-01-05 08:55:00 [warn]: GET /api/objects/classifications 500 19ms
2026-01-05 08:55:00 [warn]: GET /api/objects?page=1&limit=20&sortBy=id&sortOrder=asc 500 15ms
2026-01-05 08:55:00 [warn]: GET /api/objects/departments 500 11ms
2026-01-05 08:55:00 [warn]: GET /api/objects/classifications 500 9ms
2026-01-05 08:55:02 [warn]: GET /api/objects?page=1&limit=12&sortBy=id&sortOrder=asc 500 1ms
2026-01-05 08:55:02 [warn]: GET /api/objects?page=1&limit=12&sortBy=id&sortOrder=asc 500 2ms
2026-01-05 08:55:02 [warn]: GET /api/objects?page=1&limit=12&sortBy=id&sortOrder=asc 500 2ms
2026-01-05 08:55:03 [warn]: GET /api/objects?page=1&limit=20&sortBy=id&sortOrder=asc 500 6ms
2026-01-05 08:55:03 [warn]: GET /api/objects/classifications 500 7ms
2026-01-05 08:55:03 [warn]: GET /api/objects/departments 500 10ms
2026-01-05 08:55:03 [warn]: GET /api/objects?page=1&limit=20&sortBy=id&sortOrder=asc 500 6ms
2026-01-05 08:55:03 [warn]: GET /api/objects/classifications 500 7ms
2026-01-05 08:55:03 [warn]: GET /api/objects/departments 500 8ms
2026-01-05 08:55:03 [warn]: GET /api/objects?page=1&limit=20&sortBy=id&sortOrder=asc 500 5ms
2026-01-05 08:55:03 [warn]: GET /api/objects/classifications 500 7ms
2026-01-05 08:55:03 [warn]: GET /api/objects/departments 500 6ms
2026-01-05 08:55:05 [warn]: GET /api/objects?page=1&limit=20&sortBy=id&sortOrder=asc 500 4ms
2026-01-05 08:55:05 [warn]: GET /api/objects/classifications 500 5ms
2026-01-05 08:55:05 [warn]: GET /api/objects/departments 500 10ms
2026-01-05 08:55:05 [warn]: GET /api/objects?page=1&limit=20&sortBy=id&sortOrder=asc 500 10ms
2026-01-05 08:55:05 [warn]: GET /api/objects/classifications 500 15ms
2026-01-05 08:55:05 [warn]: GET /api/objects/departments 500 16ms
2026-01-05 08:55:05 [warn]: GET /api/objects?page=1&limit=20&sortBy=id&sortOrder=asc 500 9ms
2026-01-05 08:55:05 [warn]: GET /api/objects/classifications 500 8ms
2026-01-05 08:55:05 [warn]: GET /api/objects/departments 500 6ms
2026-01-05 08:55:06 [warn]: GET /api/objects?page=1&limit=12&sortBy=id&sortOrder=asc 500 4ms
2026-01-05 08:55:06 [warn]: GET /api/objects?page=1&limit=12&sortBy=id&sortOrder=asc 500 2ms
2026-01-05 08:55:06 [warn]: GET /api/objects?page=1&limit=12&sortBy=id&sortOrder=asc 500 2ms
2026-01-05 08:55:27 [warn]: GET /api/objects?page=1&limit=12&sortBy=id&sortOrder=asc 500 22ms
2026-01-05 08:55:27 [warn]: GET /api/objects?page=1&limit=12&sortBy=id&sortOrder=asc 500 3ms
2026-01-05 08:55:27 [warn]: GET /api/objects?page=1&limit=12&sortBy=id&sortOrder=asc 500 2ms
2026-01-05 08:55:28 [warn]: GET /api/objects?page=1&limit=12&sortBy=id&sortOrder=asc 500 4ms
2026-01-05 08:55:28 [warn]: GET /api/objects?page=1&limit=12&sortBy=id&sortOrder=asc 500 5ms
2026-01-05 08:55:28 [warn]: GET /api/objects?page=1&limit=12&sortBy=id&sortOrder=asc 500 2ms
2026-01-05 08:55:43 [warn]: GET /api/objects?page=1&limit=12&sortBy=id&sortOrder=asc 500 2ms
2026-01-05 08:55:43 [warn]: GET /api/objects?page=1&limit=12&sortBy=id&sortOrder=asc 500 2ms
2026-01-05 08:55:43 [warn]: GET /api/objects?page=1&limit=12&sortBy=id&sortOrder=asc 500 1ms
2026-01-05 08:56:18 [warn]: GET /api/objects?page=1&limit=20&sortBy=id&sortOrder=asc 500 5ms
2026-01-05 08:56:18 [warn]: GET /api/objects/classifications 500 91ms
2026-01-05 09:01:15 [warn]: GET /api/objects?page=1&limit=12&sortBy=id&sortOrder=asc 500 23ms
2026-01-05 09:01:15 [warn]: GET /api/objects?page=1&limit=12&sortBy=id&sortOrder=asc 500 5ms
2026-01-05 09:01:15 [warn]: GET /api/objects?page=1&limit=12&sortBy=id&sortOrder=asc 500 3ms
